This is pdfeTeXk, Version 3.141592-1.11a-2.1 (Web2C 7.5.2) (format=pdflatex 2003.11.15)  31 MAR 2004 23:41
entering extended mode
\write18 enabled.
 %&-line parsing enabled.
 (/usr/local/teTeX/share/texmf.tetex/web2c/cp8bit.tcx)
**multwave8x8.tex
(./multwave8x8.tex{/usr/local/teTeX/share/texmf.local/pdftex/config/pdftex.cfg}
LaTeX2e <2001/06/01>
Babel <v3.7h> and hyphenation patterns for american, french, german, ngerman, g
reek, latin, nohyphenation, loaded.
(/usr/local/teTeX/share/texmf.tetex/tex/latex/base/article.cls
Document Class: article 2001/04/21 v1.4e Standard LaTeX document class
(/usr/local/teTeX/share/texmf.tetex/tex/latex/base/size10.clo
File: size10.clo 2001/04/21 v1.4e Standard LaTeX file (size option)
)
\c@part=\count79
\c@section=\count80
\c@subsection=\count81
\c@subsubsection=\count82
\c@paragraph=\count83
\c@subparagraph=\count84
\c@figure=\count85
\c@table=\count86
\abovecaptionskip=\skip41
\belowcaptionskip=\skip42
\bibindent=\dimen102
)
(/usr/local/teTeX/share/texmf.tetex/tex/latex/graphics/graphicx.sty
Package: graphicx 1999/02/16 v1.0f Enhanced LaTeX Graphics (DPC,SPQR)

(/usr/local/teTeX/share/texmf.tetex/tex/latex/graphics/keyval.sty
Package: keyval 1999/03/16 v1.13 key=value parser (DPC)
\KV@toks@=\toks14
)
(/usr/local/teTeX/share/texmf.tetex/tex/latex/graphics/graphics.sty
Package: graphics 2001/07/07 v1.0n Standard LaTeX Graphics (DPC,SPQR)

(/usr/local/teTeX/share/texmf.tetex/tex/latex/graphics/trig.sty
Package: trig 1999/03/16 v1.09 sin cos tan (DPC)
)
(/usr/local/teTeX/share/texmf.tetex/tex/latex/config/graphics.cfg
File: graphics.cfg 2001/08/31 v1.1 graphics configuration of teTeX/TeXLive
)
Package graphics Info: Driver file: pdftex.def on input line 80.

(/usr/local/teTeX/share/texmf.tetex/tex/latex/graphics/pdftex.def
File: pdftex.def 2002/06/19 v0.03k graphics/color for pdftex
\Gread@gobject=\count87
))
\Gin@req@height=\dimen103
\Gin@req@width=\dimen104
)
(/usr/local/teTeX/share/texmf.tetex/tex/latex/amsmath/amsmath.sty
Package: amsmath 2000/07/18 v2.13 AMS math features
\@mathmargin=\skip43

For additional information on amsmath, use the `?' option.
(/usr/local/teTeX/share/texmf.tetex/tex/latex/amsmath/amstext.sty
Package: amstext 2000/06/29 v2.01

(/usr/local/teTeX/share/texmf.tetex/tex/latex/amsmath/amsgen.sty
File: amsgen.sty 1999/11/30 v2.0
\@emptytoks=\toks15
\ex@=\dimen105
))
(/usr/local/teTeX/share/texmf.tetex/tex/latex/amsmath/amsbsy.sty
Package: amsbsy 1999/11/29 v1.2d
\pmbraise@=\dimen106
)
(/usr/local/teTeX/share/texmf.tetex/tex/latex/amsmath/amsopn.sty
Package: amsopn 1999/12/14 v2.01 operator names
)
\inf@bad=\count88
LaTeX Info: Redefining \frac on input line 211.
\uproot@=\count89
\leftroot@=\count90
LaTeX Info: Redefining \overline on input line 307.
\classnum@=\count91
\DOTSCASE@=\count92
LaTeX Info: Redefining \ldots on input line 379.
LaTeX Info: Redefining \dots on input line 382.
LaTeX Info: Redefining \cdots on input line 467.
\Mathstrutbox@=\box26
\strutbox@=\box27
\big@size=\dimen107
LaTeX Font Info:    Redeclaring font encoding OML on input line 567.
LaTeX Font Info:    Redeclaring font encoding OMS on input line 568.
\macc@depth=\count93
\c@MaxMatrixCols=\count94
\dotsspace@=\muskip10
\c@parentequation=\count95
\dspbrk@lvl=\count96
\tag@help=\toks16
\row@=\count97
\column@=\count98
\maxfields@=\count99
\andhelp@=\toks17
\eqnshift@=\dimen108
\alignsep@=\dimen109
\tagshift@=\dimen110
\tagwidth@=\dimen111
\totwidth@=\dimen112
\lineht@=\dimen113
\@envbody=\toks18
\multlinegap=\skip44
\multlinetaggap=\skip45
\mathdisplay@stack=\toks19
LaTeX Info: Redefining \[ on input line 2666.
LaTeX Info: Redefining \] on input line 2667.
)
\c@theorem=\count100

(./multwave8x8.aux)
\openout1 = `multwave8x8.aux'.

LaTeX Font Info:    Checking defaults for OML/cmm/m/it on input line 42.
LaTeX Font Info:    ... okay on input line 42.
LaTeX Font Info:    Checking defaults for T1/cmr/m/n on input line 42.
LaTeX Font Info:    ... okay on input line 42.
LaTeX Font Info:    Checking defaults for OT1/cmr/m/n on input line 42.
LaTeX Font Info:    ... okay on input line 42.
LaTeX Font Info:    Checking defaults for OMS/cmsy/m/n on input line 42.
LaTeX Font Info:    ... okay on input line 42.
LaTeX Font Info:    Checking defaults for OMX/cmex/m/n on input line 42.
LaTeX Font Info:    ... okay on input line 42.
LaTeX Font Info:    Checking defaults for U/cmr/m/n on input line 42.
LaTeX Font Info:    ... okay on input line 42.

(/usr/local/teTeX/share/texmf.tetex/tex/context/base/supp-pdf.tex
(/usr/local/teTeX/share/texmf.tetex/tex/context/base/supp-mis.tex
loading : Context Support Macros / Missing
\protectiondepth=\count101
\scratchcounter=\count102
\scratchtoks=\toks20
\scratchdimen=\dimen114
\scratchskip=\skip46
\scratchmuskip=\muskip11
\scratchbox=\box28
\scratchread=\read1
\scratchwrite=\write3
\zeropoint=\dimen115
\minusone=\count103
\thousandpoint=\dimen116
\emptytoks=\toks21
\nextbox=\box29
\nextdepth=\dimen117
\everyline=\toks22
\!!counta=\count104
\!!countb=\count105
\recursecounter=\count106
)
loading : Context Support Macros / PDF
\nofMPsegments=\count107
\nofMParguments=\count108
\everyMPtoPDFconversion=\toks23
)

LaTeX Warning: Reference `' on page 1 undefined on input line 49.


LaTeX Warning: Reference `' on page 1 undefined on input line 49.


LaTeX Warning: Reference `' on page 1 undefined on input line 64.


Overfull \hbox (9.20828pt too wide) in paragraph at lines 66--134
/cmmi10/A[] /cmr10/= []
 []


Underfull \hbox (badness 10000) in paragraph at lines 66--134

 []

[1

{/usr/local/teTeX/share/texmf.local/fonts/map/pdftex/updmap/pdftex.map}]
[2]

LaTeX Warning: Reference `' on page 3 undefined on input line 170.


Overfull \hbox (237.55023pt too wide) in paragraph at lines 172--205
[]$[][] /cmr10/= []
 []


Overfull \hbox (155.46205pt too wide) in paragraph at lines 208--258
[]$[][] /cmr10/= []
 []


Overfull \hbox (27.40274pt too wide) in paragraph at lines 208--258
/cmr10/= []
 []


Underfull \hbox (badness 10000) in paragraph at lines 208--258

 []

[3]
Overfull \hbox (96.90547pt too wide) in paragraph at lines 277--292
/cmr10/shown in equa-tion. $(/cmmi10/W[]/cmr10/(/cmmi10/A/cmr10/))[] = [][]$
 []


Overfull \hbox (5.91447pt too wide) in paragraph at lines 293--306
[]$/cmmi10/W[]/cmr10/2((/cmmi10/W[]/cmr10/(/cmmi10/A/cmr10/))[]) = [][]$ 
 []


Overfull \hbox (0.33612pt too wide) in paragraph at lines 307--307
[]/cmbx12/Multiplication on Three Res-o-lu-tions of Wavelet Trans-
 []


LaTeX Warning: Reference `' on page 4 undefined on input line 310.

[4]

LaTeX Warning: Reference `' on page 5 undefined on input line 326.


Overfull \hbox (114.98875pt too wide) in paragraph at lines 326--341
/cmr10/shown in equa-tion []. $(/cmmi10/W[]/cmr10/(/cmmi10/A/cmr10/))[] = [][]$

 []


Overfull \hbox (5.91447pt too wide) in paragraph at lines 342--355
[]$/cmmi10/W[]/cmr10/3((/cmmi10/W[]/cmr10/(/cmmi10/A/cmr10/))[]) = [][]$ 
 []


LaTeX Warning: Reference `' on page 5 undefined on input line 359.


Overfull \hbox (28.78096pt too wide) in paragraph at lines 361--392
[]$[][] /cmr10/= []
 []


Underfull \hbox (badness 10000) in paragraph at lines 361--392

 []

[5]

LaTeX Warning: Reference `' on page 6 undefined on input line 396.


Overfull \hbox (167.08986pt too wide) in paragraph at lines 396--452
[][] /cmr10/= []
 []


Overfull \hbox (123.49998pt too wide) in paragraph at lines 396--452
/cmr10/= []
 []


Underfull \hbox (badness 10000) in paragraph at lines 396--452

 []


LaTeX Warning: Reference `' on page 6 undefined on input line 453.


Overfull \hbox (150.55275pt too wide) in paragraph at lines 455--509
[]$[][] /cmr10/= []
 []


Overfull \hbox (199.04152pt too wide) in paragraph at lines 455--509
/cmr10/= []
 []


Underfull \hbox (badness 10000) in paragraph at lines 455--509

 []


LaTeX Warning: Reference `' on page 6 undefined on input line 570.

[6]
Overfull \hbox (164.4482pt too wide) in paragraph at lines 572--630
[]$[][] /cmr10/= []
 []


LaTeX Warning: Reference `' on page 7 undefined on input line 635.


Overfull \hbox (161.83337pt too wide) in paragraph at lines 671--697
[]$[]
 []


Underfull \hbox (badness 10000) in paragraph at lines 671--697

 []

[7]

LaTeX Warning: Reference `' on page 8 undefined on input line 699.


LaTeX Warning: Reference `' on page 8 undefined on input line 797.


Overfull \hbox (13.78096pt too wide) in paragraph at lines 766--798
$[][] /cmr10/= []
 []

[8]

LaTeX Warning: Reference `' on page 9 undefined on input line 800.


LaTeX Warning: Reference `' on page 9 undefined on input line 876.


Overfull \hbox (149.4482pt too wide) in paragraph at lines 814--890
[][] /cmr10/= []$ 
 []


Underfull \hbox (badness 10000) in paragraph at lines 814--890

 []

[9]

LaTeX Warning: Reference `' on page 10 undefined on input line 942.


LaTeX Warning: Reference `' on page 10 undefined on input line 942.


LaTeX Warning: Reference `' on page 10 undefined on input line 942.


LaTeX Warning: Reference `' on page 10 undefined on input line 958.


LaTeX Warning: Reference `' on page 10 undefined on input line 971.

[10]

LaTeX Warning: Reference `' on page 11 undefined on input line 986.


LaTeX Warning: Reference `' on page 11 undefined on input line 999.


LaTeX Warning: Reference `' on page 11 undefined on input line 1014.


LaTeX Warning: Reference `' on page 11 undefined on input line 1027.

[11] [12] (./multwave8x8.aux)

LaTeX Warning: There were undefined references.

 ) 
Here is how much of TeX's memory you used:
 1561 strings out of 95306
 18471 string characters out of 1187028
 93071 words of memory out of 1522536
 4660 multiletter control sequences out of 10000+50000
 9563 words of font info for 35 fonts, out of 1000000 for 2000
 14 hyphenation exceptions out of 1000
 27i,7n,20p,650b,113s stack positions out of 5000i,500n,6000p,200000b,40000s
 65 PDF objects out of 300000
 0 named destinations out of 131072
 1 words of extra memory for PDF output out of 65536
{/usr/local/teTeX/share/texmf.tetex/dvips/tetex/aae443f0.enc}</usr/local/teTe
X/share/texmf.tetex/fonts/type1/bluesky/cm/cmmi7.pfb>{/usr/local/teTeX/share/te
xmf.tetex/dvips/tetex/bbad153f.enc}</usr/local/teTeX/share/texmf.tetex/fonts/ty
pe1/bluesky/cm/cmsy7.pfb></usr/local/teTeX/share/texmf.tetex/fonts/type1/bluesk
y/cm/cmmi10.pfb>{/usr/local/teTeX/share/texmf.tetex/dvips/tetex/f7b6d320.enc}</
usr/local/teTeX/share/texmf.tetex/fonts/type1/bluesky/cm/cmbx10.pfb></usr/local
/teTeX/share/texmf.tetex/fonts/type1/bluesky/cm/cmr12.pfb></usr/local/teTeX/sha
re/texmf.tetex/fonts/type1/bluesky/cm/cmbx12.pfb></usr/local/teTeX/share/texmf.
tetex/fonts/type1/bluesky/cm/cmr7.pfb></usr/local/teTeX/share/texmf.tetex/fonts
/type1/bluesky/cm/cmsy10.pfb></usr/local/teTeX/share/texmf.tetex/fonts/type1/bl
uesky/cm/cmr10.pfb>
Output written on multwave8x8.pdf (12 pages, 87693 bytes).
