This is pdfeTeX, Version 3.14159-1.10b-2.1 (Web2C 7.4.5) (format=pdflatex 1970.1.21)  23 SEP 2003 16:00
entering extended mode
\write18 enabled.
**appendixOver.tex
(./appendixOver.tex{/usr/local/teTeX/share/texmf.local/pdftex/config/pdftex.cfg
}
LaTeX2e <2001/06/01>
Babel <v3.7h> and hyphenation patterns for american, french, german, ngerman, g
reek, latin, nohyphenation, loaded.
! Undefined control sequence.
l.1 \section
            {Haar Wavelet Transform Class:}
? 
! Emergency stop.
l.1 \section
            {Haar Wavelet Transform Class:}
End of file on the terminal!

 
Here is how much of TeX's memory you used:
 5 strings out of 95313
 72 string characters out of 1187303
 44536 words of memory out of 1000001
 3171 multiletter control sequences out of 10000+50000
 3640 words of font info for 14 fonts, out of 500000 for 1000
 14 hyphenation exceptions out of 1000
 5i,0n,1p,58b,8s stack positions out of 1500i,500n,5000p,200000b,5000s
 0 PDF objects out of 300000
 0 named destinations out of 131072
 0 words of extra memory for PDF output out of 65536
No pages of output.
