This is pdfTeX, Version 3.14159-1.10a (Web2C 7.4.5) (format=pdflatex 2003.3.1)  11 APR 2003 10:03
\write18 enabled.
**basicwave.tex
(./basicwave.tex{/usr/local/teTeX/share/texmf.local/pdftex/config/pdftex.cfg}
LaTeX2e <2001/06/01>
Babel <v3.7h> and hyphenation patterns for american, french, german, ngerman, g
reek, latin, nohyphenation, loaded.
(/usr/local/teTeX/share/texmf/tex/latex/base/article.cls
Document Class: article 2001/04/21 v1.4e Standard LaTeX document class
(/usr/local/teTeX/share/texmf/tex/latex/base/size10.clo
File: size10.clo 2001/04/21 v1.4e Standard LaTeX file (size option)
)
\c@part=\count79
\c@section=\count80
\c@subsection=\count81
\c@subsubsection=\count82
\c@paragraph=\count83
\c@subparagraph=\count84
\c@figure=\count85
\c@table=\count86
\abovecaptionskip=\skip41
\belowcaptionskip=\skip42
\bibindent=\dimen102
)
(/usr/local/teTeX/share/texmf/tex/latex/graphics/graphicx.sty
Package: graphicx 1999/02/16 v1.0f Enhanced LaTeX Graphics (DPC,SPQR)

(/usr/local/teTeX/share/texmf/tex/latex/graphics/keyval.sty
Package: keyval 1999/03/16 v1.13 key=value parser (DPC)
\KV@toks@=\toks14
)
(/usr/local/teTeX/share/texmf/tex/latex/graphics/graphics.sty
Package: graphics 2001/07/07 v1.0n Standard LaTeX Graphics (DPC,SPQR)

(/usr/local/teTeX/share/texmf/tex/latex/graphics/trig.sty
Package: trig 1999/03/16 v1.09 sin cos tan (DPC)
)
(/usr/local/teTeX/share/texmf/tex/latex/config/graphics.cfg
File: graphics.cfg 2001/08/31 v1.1 graphics configuration of teTeX/TeXLive
)
Package graphics Info: Driver file: pdftex.def on input line 80.

(/usr/local/teTeX/share/texmf/tex/latex/graphics/pdftex.def
File: pdftex.def 2002/06/19 v0.03k graphics/color for pdftex
\Gread@gobject=\count87
))
\Gin@req@height=\dimen103
\Gin@req@width=\dimen104
)
(/usr/local/teTeX/share/texmf/tex/latex/amsmath/amsmath.sty
Package: amsmath 2000/07/18 v2.13 AMS math features
\@mathmargin=\skip43

For additional information on amsmath, use the `?' option.
(/usr/local/teTeX/share/texmf/tex/latex/amsmath/amstext.sty
Package: amstext 2000/06/29 v2.01

(/usr/local/teTeX/share/texmf/tex/latex/amsmath/amsgen.sty
File: amsgen.sty 1999/11/30 v2.0
\@emptytoks=\toks15
\ex@=\dimen105
))
(/usr/local/teTeX/share/texmf/tex/latex/amsmath/amsbsy.sty
Package: amsbsy 1999/11/29 v1.2d
\pmbraise@=\dimen106
)
(/usr/local/teTeX/share/texmf/tex/latex/amsmath/amsopn.sty
Package: amsopn 1999/12/14 v2.01 operator names
)
\inf@bad=\count88
LaTeX Info: Redefining \frac on input line 211.
\uproot@=\count89
\leftroot@=\count90
LaTeX Info: Redefining \overline on input line 307.
\classnum@=\count91
\DOTSCASE@=\count92
LaTeX Info: Redefining \ldots on input line 379.
LaTeX Info: Redefining \dots on input line 382.
LaTeX Info: Redefining \cdots on input line 467.
\Mathstrutbox@=\box26
\strutbox@=\box27
\big@size=\dimen107
LaTeX Font Info:    Redeclaring font encoding OML on input line 567.
LaTeX Font Info:    Redeclaring font encoding OMS on input line 568.
\macc@depth=\count93
\c@MaxMatrixCols=\count94
\dotsspace@=\muskip10
\c@parentequation=\count95
\dspbrk@lvl=\count96
\tag@help=\toks16
\row@=\count97
\column@=\count98
\maxfields@=\count99
\andhelp@=\toks17
\eqnshift@=\dimen108
\alignsep@=\dimen109
\tagshift@=\dimen110
\tagwidth@=\dimen111
\totwidth@=\dimen112
\lineht@=\dimen113
\@envbody=\toks18
\multlinegap=\skip44
\multlinetaggap=\skip45
\mathdisplay@stack=\toks19
LaTeX Info: Redefining \[ on input line 2666.
LaTeX Info: Redefining \] on input line 2667.
)
(/usr/local/teTeX/share/texmf/tex/latex/misc/doublespace.sty)
\c@theorem=\count100
 (./basicwave.aux

LaTeX Warning: Label `rightDanRecovered' multiply defined.

)
\openout1 = `basicwave.aux'.

LaTeX Font Info:    Checking defaults for OML/cmm/m/it on input line 43.
LaTeX Font Info:    ... okay on input line 43.
LaTeX Font Info:    Checking defaults for T1/cmr/m/n on input line 43.
LaTeX Font Info:    ... okay on input line 43.
LaTeX Font Info:    Checking defaults for OT1/cmr/m/n on input line 43.
LaTeX Font Info:    ... okay on input line 43.
LaTeX Font Info:    Checking defaults for OMS/cmsy/m/n on input line 43.
LaTeX Font Info:    ... okay on input line 43.
LaTeX Font Info:    Checking defaults for OMX/cmex/m/n on input line 43.
LaTeX Font Info:    ... okay on input line 43.
LaTeX Font Info:    Checking defaults for U/cmr/m/n on input line 43.
LaTeX Font Info:    ... okay on input line 43.
 (/usr/local/teTeX/share/texmf/tex/context/base/supp-pdf.tex
(/usr/local/teTeX/share/texmf/tex/context/base/supp-mis.tex
loading : Context Support Macros / Missing
\protectiondepth=\count101
\scratchcounter=\count102
\scratchtoks=\toks20
\scratchdimen=\dimen114
\scratchskip=\skip46
\scratchmuskip=\muskip11
\scratchbox=\box28
\scratchread=\read1
\scratchwrite=\write3
\zeropoint=\dimen115
\minusone=\count103
\thousandpoint=\dimen116
\emptytoks=\toks21
\nextbox=\box29
\nextdepth=\dimen117
\everyline=\toks22
\!!counta=\count104
\!!countb=\count105
\recursecounter=\count106
)
loading : Context Support Macros / PDF
\nofMPsegments=\count107
\nofMParguments=\count108
\everyMPtoPDFconversion=\toks23
) [1

{/usr/local/teTeX/share/texmf/dvips/config/pdftex.map}] (./basicwave.toc
[2] [3])
\tf@toc=\write4
\openout4 = `basicwave.toc'.

 [4]
Overfull \hbox (13.6673pt too wide) in paragraph at lines 56--63
/cmr10/As stated, the wavelet trans-form can be viewed from both a ma-trix repr
esentation[[]]
 []

[5] [6] [7] [8] [9]
LaTeX Font Info:    Try loading font information for OMS+cmr on input line 196.

 (/usr/local/teTeX/share/texmf/tex/latex/base/omscmr.fd
File: omscmr.fd 1999/05/25 v2.5h Standard LaTeX font definitions
)
LaTeX Font Info:    Font shape `OMS/cmr/m/n' in size <10> not available
(Font)              Font shape `OMS/cmsy/m/n' tried instead on input line 196.

[10] [11] [12] <sample.jpg, id=72, 574.145pt x 448.67625pt>
File: sample.jpg Graphic file (type jpg)
 <use sample.jpg>
[13] [14 <./sample.jpg>]
File: sample.jpg Graphic file (type jpg)
 <use sample.jpg>
<recovered.jpg, id=80, 574.145pt x 448.67625pt>
File: recovered.jpg Graphic file (type jpg)
 <use recovered.jpg> [15]
[16] [17 <./recovered.jpg>]

LaTeX Warning: Reference `selfRecover.jpg' on page 18 undefined on input line 3
55.

<rightDan.jpg, id=90, 722.7pt x 487.8225pt>
File: rightDan.jpg Graphic file (type jpg)
 <use rightDan.jpg>
<revRecover.jpg, id=91, 722.7pt x 487.8225pt>
File: revRecover.jpg Graphic file (type jpg)
 <use revRecover.jpg>
<revWavepic.jpg, id=92, 722.7pt x 487.8225pt>
File: revWavepic.jpg Graphic file (type jpg)
 <use revWavepic.jpg>
<selfWavepic.jpg, id=93, 722.7pt x 487.8225pt>
File: selfWavepic.jpg Graphic file (type jpg)
 <use selfWavepic.jpg>
<selfRecover.jpg, id=94, 722.7pt x 487.8225pt>
File: selfRecover.jpg Graphic file (type jpg)
 <use selfRecover.jpg> [18 <./rightDan.jpg>] [19 <./revRecover.jpg> <./revWavep
ic.jpg>] [20 <./selfWavepic.jpg> <./selfRecover.jpg>] <wavepic3R.jpg, id=105, 7
22.7pt x 487.8225pt>
File: wavepic3R.jpg Graphic file (type jpg)

<use wavepic3R.jpg> <recoverHid.jpg, id=106, 722.7pt x 487.8225pt>
File: recoverHid.jpg Graphic file (type jpg)

<use recoverHid.jpg> [21 <./wavepic3R.jpg>] [22 <./recoverHid.jpg>]
<recover3R002T.jpg, id=113, 722.7pt x 487.8225pt>
File: recover3R002T.jpg Graphic file (type jpg)
 <use recover3R002T.jpg>
<recover3R010T.jpg, id=114, 722.7pt x 487.8225pt>
File: recover3R010T.jpg Graphic file (type jpg)
 <use recover3R010T.jpg>
<recover3R005T.jpg, id=115, 722.7pt x 487.8225pt>
File: recover3R005T.jpg Graphic file (type jpg)
 <use recover3R005T.jpg>
<recover3R001.jpg, id=116, 722.7pt x 487.8225pt>
File: recover3R001.jpg Graphic file (type jpg)
 <use recover3R001.jpg>
[23 <./recover3R002T.jpg>] [24 <./recover3R010T.jpg> <./recover3R005T.jpg>]
[25 <./recover3R001.jpg>] [26] [27] [28] [29] [30]
Underfull \hbox (badness 10000) in paragraph at lines 673--674

 []


Underfull \hbox (badness 10000) in paragraph at lines 674--675

 []

[31] [32] [33] [34] [35] [36] [37] [38]
Underfull \hbox (badness 10000) in paragraph at lines 876--877
[]/cmr10/Gavin Ta-bor /cmsl10/Wavelets - The Id-iots Guide
 []


Underfull \hbox (badness 10000) in paragraph at lines 877--878
[]/cmr10/Amara Graps /cmsl10/In-tro-duc-tion to Wavelets
 []

[39] (./basicwave.aux)

LaTeX Warning: There were undefined references.


LaTeX Warning: There were multiply-defined labels.

 ) 
Here is how much of TeX's memory you used:
 1685 strings out of 95431
 20347 string characters out of 1189208
 70461 words of memory out of 1000001
 4690 multiletter control sequences out of 10000+50000
 9376 words of font info for 34 fonts, out of 500000 for 1000
 14 hyphenation exceptions out of 1000
 27i,19n,25p,791b,346s stack positions out of 1500i,500n,5000p,200000b,5000s
 179 PDF objects out of 300000
 0 named destinations out of 131072
 65 words of extra memory for PDF output out of 65536
{/usr/local/teTeX/share/texmf/dvips/tetex/f7b6d320.enc}</usr/local/teTeX/shar
e/texmf/fonts/type1/bluesky/cm/cmsl10.pfb>{/usr/local/teTeX/share/texmf/dvips/t
etex/0ef0afca.enc}</usr/local/teTeX/share/texmf/fonts/type1/bluesky/cm/cmr5.pfb
>{/usr/local/teTeX/share/texmf/dvips/tetex/aae443f0.enc}</usr/local/teTeX/share
/texmf/fonts/type1/bluesky/cm/cmmi5.pfb></usr/local/teTeX/share/texmf/fonts/typ
e1/bluesky/cm/cmr7.pfb>{/usr/local/teTeX/share/texmf/dvips/tetex/bbad153f.enc}<
/usr/local/teTeX/share/texmf/fonts/type1/bluesky/cm/cmsy7.pfb></usr/local/teTeX
/share/texmf/fonts/type1/bluesky/cm/cmex10.pfb></usr/local/teTeX/share/texmf/fo
nts/type1/bluesky/cm/cmmi7.pfb></usr/local/teTeX/share/texmf/fonts/type1/bluesk
y/cm/cmsy10.pfb></usr/local/teTeX/share/texmf/fonts/type1/bluesky/cm/cmmi10.pfb
></usr/local/teTeX/share/texmf/fonts/type1/bluesky/cm/cmbx10.pfb></usr/local/te
TeX/share/texmf/fonts/type1/bluesky/cm/cmbx12.pfb></usr/local/teTeX/share/texmf
/fonts/type1/bluesky/cm/cmr10.pfb></usr/local/teTeX/share/texmf/fonts/type1/blu
esky/cm/cmr12.pfb></usr/local/teTeX/share/texmf/fonts/type1/bluesky/cm/cmr17.pf
b>
Output written on basicwave.pdf (39 pages, 1490168 bytes).
