This is pdfTeX, Version 3.14159-1.10a (Web2C 7.4.5) (format=pdflatex 2003.5.8)  13 JUN 2003 16:08
\write18 enabled.
**presNotes.tex
(./presNotes.tex{/usr/local/teTeX/share/texmf.local/pdftex/config/pdftex.cfg}
LaTeX2e <2001/06/01>
Babel <v3.7h> and hyphenation patterns for american, french, german, ngerman, g
reek, latin, nohyphenation, loaded.
(/usr/local/teTeX/share/texmf/tex/latex/base/article.cls
Document Class: article 2001/04/21 v1.4e Standard LaTeX document class
(/usr/local/teTeX/share/texmf/tex/latex/base/size11.clo
File: size11.clo 2001/04/21 v1.4e Standard LaTeX file (size option)
)
\c@part=\count79
\c@section=\count80
\c@subsection=\count81
\c@subsubsection=\count82
\c@paragraph=\count83
\c@subparagraph=\count84
\c@figure=\count85
\c@table=\count86
\abovecaptionskip=\skip41
\belowcaptionskip=\skip42
\bibindent=\dimen102
)
(/usr/local/teTeX/share/texmf/tex/latex/graphics/graphicx.sty
Package: graphicx 1999/02/16 v1.0f Enhanced LaTeX Graphics (DPC,SPQR)

(/usr/local/teTeX/share/texmf/tex/latex/graphics/keyval.sty
Package: keyval 1999/03/16 v1.13 key=value parser (DPC)
\KV@toks@=\toks14
)
(/usr/local/teTeX/share/texmf/tex/latex/graphics/graphics.sty
Package: graphics 2001/07/07 v1.0n Standard LaTeX Graphics (DPC,SPQR)

(/usr/local/teTeX/share/texmf/tex/latex/graphics/trig.sty
Package: trig 1999/03/16 v1.09 sin cos tan (DPC)
)
(/usr/local/teTeX/share/texmf/tex/latex/config/graphics.cfg
File: graphics.cfg 2001/08/31 v1.1 graphics configuration of teTeX/TeXLive
)
Package graphics Info: Driver file: pdftex.def on input line 80.

(/usr/local/teTeX/share/texmf/tex/latex/graphics/pdftex.def
File: pdftex.def 2002/06/19 v0.03k graphics/color for pdftex
\Gread@gobject=\count87
))
\Gin@req@height=\dimen103
\Gin@req@width=\dimen104
)
(/usr/local/teTeX/share/texmf/tex/latex/amsfonts/amssymb.sty
Package: amssymb 2002/01/22 v2.2d

(/usr/local/teTeX/share/texmf/tex/latex/amsfonts/amsfonts.sty
Package: amsfonts 2001/10/25 v2.2f
\@emptytoks=\toks15
\symAMSa=\mathgroup4
\symAMSb=\mathgroup5
LaTeX Font Info:    Overwriting math alphabet `\mathfrak' in version `bold'
(Font)                  U/euf/m/n --> U/euf/b/n on input line 132.
))
(/usr/local/teTeX/share/texmf/tex/latex/oberdiek/epstopdf.sty
Package: epstopdf 2001/02/04 v1.1 Conversion with epstopdf on the fly (HO)
)
\c@theorem=\count88
\c@definition=\count89
 (./presNotes.aux

LaTeX Warning: Label `rightDanRecovered' multiply defined.

)
\openout1 = `presNotes.aux'.

LaTeX Font Info:    Checking defaults for OML/cmm/m/it on input line 23.
LaTeX Font Info:    ... okay on input line 23.
LaTeX Font Info:    Checking defaults for T1/cmr/m/n on input line 23.
LaTeX Font Info:    ... okay on input line 23.
LaTeX Font Info:    Checking defaults for OT1/cmr/m/n on input line 23.
LaTeX Font Info:    ... okay on input line 23.
LaTeX Font Info:    Checking defaults for OMS/cmsy/m/n on input line 23.
LaTeX Font Info:    ... okay on input line 23.
LaTeX Font Info:    Checking defaults for OMX/cmex/m/n on input line 23.
LaTeX Font Info:    ... okay on input line 23.
LaTeX Font Info:    Checking defaults for U/cmr/m/n on input line 23.
LaTeX Font Info:    ... okay on input line 23.
 (/usr/local/teTeX/share/texmf/tex/context/base/supp-pdf.tex
(/usr/local/teTeX/share/texmf/tex/context/base/supp-mis.tex
loading : Context Support Macros / Missing
\protectiondepth=\count90
\scratchcounter=\count91
\scratchtoks=\toks16
\scratchdimen=\dimen105
\scratchskip=\skip43
\scratchmuskip=\muskip10
\scratchbox=\box26
\scratchread=\read1
\scratchwrite=\write3
\zeropoint=\dimen106
\minusone=\count92
\thousandpoint=\dimen107
\emptytoks=\toks17
\nextbox=\box27
\nextdepth=\dimen108
\everyline=\toks18
\!!counta=\count93
\!!countb=\count94
\recursecounter=\count95
)
loading : Context Support Macros / PDF
\nofMPsegments=\count96
\nofMParguments=\count97
\everyMPtoPDFconversion=\toks19
)
LaTeX Font Info:    Try loading font information for U+msa on input line 24.
 (/usr/local/teTeX/share/texmf/tex/latex/amsfonts/umsa.fd
File: umsa.fd 2002/01/19 v2.2g AMS font definitions
)
LaTeX Font Info:    Try loading font information for U+msb on input line 24.

(/usr/local/teTeX/share/texmf/tex/latex/amsfonts/umsb.fd
File: umsb.fd 2002/01/19 v2.2g AMS font definitions
) [1

{/usr/local/teTeX/share/texmf.local/dvips/config/pdftex.map}]
LaTeX Font Info:    Try loading font information for OMS+cmr on input line 31.

(/usr/local/teTeX/share/texmf/tex/latex/base/omscmr.fd
File: omscmr.fd 1999/05/25 v2.5h Standard LaTeX font definitions
)
LaTeX Font Info:    Font shape `OMS/cmr/m/n' in size <10.95> not available
(Font)              Font shape `OMS/cmsy/m/n' tried instead on input line 31.
 [2] [3] [4] [5]
[6] [7] [8] <sample.jpg, id=60, 574.145pt x 448.67625pt>
File: sample.jpg Graphic file (type jpg)
 <use sample.jpg>
<recovered.jpg, id=61, 574.145pt x 448.67625pt>
File: recovered.jpg Graphic file (type jpg)
 <use recovered.jpg>
File: sample.jpg Graphic file (type jpg)

<use sample.jpg> <rightDan.jpg, id=62, 722.7pt x 487.8225pt>
File: rightDan.jpg Graphic file (type jpg)

<use rightDan.jpg> <revRecover.jpg, id=63, 722.7pt x 487.8225pt>
File: revRecover.jpg Graphic file (type jpg)

<use revRecover.jpg> <revWavepic.jpg, id=64, 722.7pt x 487.8225pt>
File: revWavepic.jpg Graphic file (type jpg)

<use revWavepic.jpg> <selfWavepic.jpg, id=65, 722.7pt x 487.8225pt>
File: selfWavepic.jpg Graphic file (type jpg)

<use selfWavepic.jpg> <selfRecover.jpg, id=66, 722.7pt x 487.8225pt>
File: selfRecover.jpg Graphic file (type jpg)

<use selfRecover.jpg> <wavepic3R.jpg, id=67, 722.7pt x 487.8225pt>
File: wavepic3R.jpg Graphic file (type jpg)

<use wavepic3R.jpg> [9 <./sample.jpg>] [10 <./recovered.jpg>] [11] [12 <./right
Dan.jpg> <./revRecover.jpg>] [13 <./revWavepic.jpg>] [14 <./selfWavepic.jpg>]
[15 <./selfRecover.jpg>] [16 <./wavepic3R.jpg>] [17] [18] [19] (./presNotes.aux
)

LaTeX Warning: There were multiply-defined labels.

 ) 
Here is how much of TeX's memory you used:
 1279 strings out of 95431
 15688 string characters out of 1189208
 58670 words of memory out of 1000001
 4290 multiletter control sequences out of 10000+50000
 11361 words of font info for 43 fonts, out of 500000 for 1000
 14 hyphenation exceptions out of 1000
 25i,8n,24p,419b,278s stack positions out of 1500i,500n,5000p,200000b,5000s
 102 PDF objects out of 300000
 0 named destinations out of 131072
 40 words of extra memory for PDF output out of 65536
</usr/local/teTeX/share/texmf/fonts/type1/bluesky/cm/cmex10.pfb>{/usr/local/t
eTeX/share/texmf/dvips/tetex/f7b6d320.enc}</usr/local/teTeX/share/texmf/fonts/t
ype1/bluesky/cm/cmr8.pfb></usr/local/teTeX/share/texmf/fonts/type1/bluesky/cm/c
mbx10.pfb>{/usr/local/teTeX/share/texmf/dvips/tetex/bbad153f.enc}</usr/local/te
TeX/share/texmf/fonts/type1/bluesky/cm/cmsy8.pfb>{/usr/local/teTeX/share/texmf/
dvips/tetex/aae443f0.enc}</usr/local/teTeX/share/texmf/fonts/type1/bluesky/cm/c
mmi8.pfb></usr/local/teTeX/share/texmf/fonts/type1/bluesky/cm/cmsy10.pfb></usr/
local/teTeX/share/texmf/fonts/type1/bluesky/cm/cmmi10.pfb></usr/local/teTeX/sha
re/texmf/fonts/type1/bluesky/cm/cmbx12.pfb></usr/local/teTeX/share/texmf/fonts/
type1/bluesky/cm/cmr10.pfb></usr/local/teTeX/share/texmf/fonts/type1/bluesky/cm
/cmr12.pfb></usr/local/teTeX/share/texmf/fonts/type1/bluesky/cm/cmr17.pfb>
Output written on presNotes.pdf (19 pages, 592668 bytes).
