This file contains any messages produced by compilers while
running configure, to aid debugging if configure makes a mistake.

It was created by libltdl configure 1.2, which was
generated by GNU Autoconf 2.59.  Invocation command line was

  $ ./configure --enable-ltdl-convenience --disable-ltdl-install --enable-shared --disable-static --cache-file=/dev/null --srcdir=.

## --------- ##
## Platform. ##
## --------- ##

hostname = wsip-24-248-127-173.lu.dl.cox.net
uname -m = Power Macintosh
uname -r = 8.3.0
uname -s = Darwin
uname -v = Darwin Kernel Version 8.3.0: Mon Oct  3 20:04:04 PDT 2005; root:xnu-792.6.22.obj~2/RELEASE_PPC

/usr/bin/uname -p = powerpc
/bin/uname -X     = unknown

/bin/arch              = unknown
/usr/bin/arch -k       = unknown
/usr/convex/getsysinfo = unknown
hostinfo               = Mach kernel version:
	 Darwin Kernel Version 8.3.0: Mon Oct  3 20:04:04 PDT 2005; root:xnu-792.6.22.obj~2/RELEASE_PPC
Kernel configured for a single processor only.
1 processor is physically available.
Processor type: ppc970 (PowerPC 970)
Processor active: 0
Primary memory available: 1.00 gigabytes
Default processor set: 141 tasks, 482 threads, 1 processors
Load average: 5.49, Mach factor: 0.16
/bin/machine           = unknown
/usr/bin/oslevel       = unknown
/bin/universe          = unknown

PATH: /usr/local/bin
PATH: /usr/local/bin
PATH: /usr/local/bin
PATH: /bin
PATH: /sbin
PATH: /usr/bin
PATH: /usr/sbin
PATH: /usr/local/bin
PATH: /usr/local/teTeX/bin/powerpc-apple-darwin-current


## ----------- ##
## Core tests. ##
## ----------- ##

configure:1580: checking for a BSD-compatible install
configure:1635: result: /usr/bin/install -c
configure:1646: checking whether build environment is sane
configure:1689: result: yes
configure:1754: checking for gawk
configure:1783: result: no
configure:1754: checking for mawk
configure:1783: result: no
configure:1754: checking for nawk
configure:1783: result: no
configure:1754: checking for awk
configure:1770: found /usr/bin/awk
configure:1780: result: awk
configure:1790: checking whether make sets $(MAKE)
configure:1810: result: yes
configure:2022: checking for gcc
configure:2038: found /usr/bin/gcc
configure:2048: result: gcc
configure:2292: checking for C compiler version
configure:2295: gcc --version </dev/null >&5
powerpc-apple-darwin8-gcc-4.0.1 (GCC) 4.0.1 (Apple Computer, Inc. build 5247)
Copyright (C) 2005 Free Software Foundation, Inc.
This is free software; see the source for copying conditions.  There is NO
warranty; not even for MERCHANTABILITY or FITNESS FOR A PARTICULAR PURPOSE.

configure:2298: $? = 0
configure:2300: gcc -v </dev/null >&5
Using built-in specs.
Target: powerpc-apple-darwin8
Configured with: /private/var/tmp/gcc/gcc-5247.obj~4/src/configure --disable-checking -enable-werror --prefix=/usr --mandir=/share/man --enable-languages=c,objc,c++,obj-c++ --program-transform-name=/^[cg][^.-]*$/s/$/-4.0/ --with-gxx-include-dir=/include/c++/4.0.0 --build=powerpc-apple-darwin8 --host=powerpc-apple-darwin8 --target=powerpc-apple-darwin8
Thread model: posix
gcc version 4.0.1 (Apple Computer, Inc. build 5247)
configure:2303: $? = 0
configure:2305: gcc -V </dev/null >&5
gcc: argument to `-V' is missing
configure:2308: $? = 1
configure:2331: checking for C compiler default output file name
configure:2334: gcc -O3 -DNDEBUG   -D_REENTRANT   conftest.c -lm   >&5
configure:2337: $? = 0
configure:2383: result: a.out
configure:2388: checking whether the C compiler works
configure:2394: ./a.out
configure:2397: $? = 0
configure:2414: result: yes
configure:2421: checking whether we are cross compiling
configure:2423: result: no
configure:2426: checking for suffix of executables
configure:2428: gcc -o conftest -O3 -DNDEBUG   -D_REENTRANT   conftest.c -lm   >&5
configure:2431: $? = 0
configure:2456: result: 
configure:2462: checking for suffix of object files
configure:2483: gcc -c -O3 -DNDEBUG   -D_REENTRANT conftest.c >&5
configure:2486: $? = 0
configure:2508: result: o
configure:2512: checking whether we are using the GNU C compiler
configure:2536: gcc -c -O3 -DNDEBUG   -D_REENTRANT conftest.c >&5
configure:2542: $? = 0
configure:2545: test -z 			 || test ! -s conftest.err
configure:2548: $? = 0
configure:2551: test -s conftest.o
configure:2554: $? = 0
configure:2567: result: yes
configure:2573: checking whether gcc accepts -g
configure:2594: gcc -c -g  -D_REENTRANT conftest.c >&5
configure:2600: $? = 0
configure:2603: test -z 			 || test ! -s conftest.err
configure:2606: $? = 0
configure:2609: test -s conftest.o
configure:2612: $? = 0
configure:2623: result: yes
configure:2640: checking for gcc option to accept ANSI C
configure:2710: gcc  -c -O3 -DNDEBUG   -D_REENTRANT conftest.c >&5
configure:2716: $? = 0
configure:2719: test -z 			 || test ! -s conftest.err
configure:2722: $? = 0
configure:2725: test -s conftest.o
configure:2728: $? = 0
configure:2746: result: none needed
configure:2764: gcc -c -O3 -DNDEBUG   -D_REENTRANT conftest.c >&5
conftest.c:2: error: parse error before 'me'
configure:2770: $? = 1
configure: failed program was:
| #ifndef __cplusplus
|   choke me
| #endif
configure:2911: checking for style of include used by make
configure:2939: result: GNU
configure:2967: checking dependency style of gcc
configure:3057: result: none
configure:3075: checking for an ANSI C-conforming const
configure:3142: gcc -c -O3 -DNDEBUG   -D_REENTRANT conftest.c >&5
configure:3148: $? = 0
configure:3151: test -z 			 || test ! -s conftest.err
configure:3154: $? = 0
configure:3157: test -s conftest.o
configure:3160: $? = 0
configure:3171: result: yes
configure:3181: checking for inline
configure:3202: gcc -c -O3 -DNDEBUG   -D_REENTRANT conftest.c >&5
configure:3208: $? = 0
configure:3211: test -z 			 || test ! -s conftest.err
configure:3214: $? = 0
configure:3217: test -s conftest.o
configure:3220: $? = 0
configure:3232: result: inline
configure:3336: checking build system type
configure:3354: result: powerpc-apple-darwin8.3.0
configure:3362: checking host system type
configure:3376: result: powerpc-apple-darwin8.3.0
configure:3384: checking for a sed that does not truncate output
configure:3438: result: /usr/bin/sed
configure:3441: checking for egrep
configure:3451: result: grep -E
configure:3467: checking for ld used by gcc
configure:3534: result: /usr/bin/ld
configure:3543: checking if the linker (/usr/bin/ld) is GNU ld
configure:3558: result: no
configure:3563: checking for /usr/bin/ld option to reload object files
configure:3570: result: -r
configure:3588: checking for BSD-compatible nm
configure:3630: result: /usr/bin/nm -p
configure:3634: checking whether ln -s works
configure:3638: result: yes
configure:3645: checking how to recognise dependent libraries
configure:3817: result: pass_all
configure:4271: checking how to run the C preprocessor
configure:4306: gcc -E  -D_REENTRANT conftest.c
configure:4312: $? = 0
configure:4344: gcc -E  -D_REENTRANT conftest.c
conftest.c:9:28: error: ac_nonexistent.h: No such file or directory
configure:4350: $? = 1
configure: failed program was:
| /* confdefs.h.  */
| 
| #define PACKAGE_NAME "libltdl"
| #define PACKAGE_TARNAME "libltdl"
| #define PACKAGE_VERSION "1.2"
| #define PACKAGE_STRING "libltdl 1.2"
| #define PACKAGE_BUGREPORT "bug-libtool@gnu.org"
| /* end confdefs.h.  */
| #include <ac_nonexistent.h>
configure:4389: result: gcc -E
configure:4413: gcc -E  -D_REENTRANT conftest.c
configure:4419: $? = 0
configure:4451: gcc -E  -D_REENTRANT conftest.c
conftest.c:9:28: error: ac_nonexistent.h: No such file or directory
configure:4457: $? = 1
configure: failed program was:
| /* confdefs.h.  */
| 
| #define PACKAGE_NAME "libltdl"
| #define PACKAGE_TARNAME "libltdl"
| #define PACKAGE_VERSION "1.2"
| #define PACKAGE_STRING "libltdl 1.2"
| #define PACKAGE_BUGREPORT "bug-libtool@gnu.org"
| /* end confdefs.h.  */
| #include <ac_nonexistent.h>
configure:4501: checking for ANSI C header files
configure:4526: gcc -c -O3 -DNDEBUG   -D_REENTRANT conftest.c >&5
configure:4532: $? = 0
configure:4535: test -z 			 || test ! -s conftest.err
configure:4538: $? = 0
configure:4541: test -s conftest.o
configure:4544: $? = 0
configure:4630: gcc -o conftest -O3 -DNDEBUG   -D_REENTRANT   conftest.c -lm   >&5
conftest.c: In function 'main':
conftest.c:26: warning: incompatible implicit declaration of built-in function 'exit'
configure:4633: $? = 0
configure:4635: ./conftest
configure:4638: $? = 0
configure:4653: result: yes
configure:4677: checking for sys/types.h
configure:4693: gcc -c -O3 -DNDEBUG   -D_REENTRANT conftest.c >&5
configure:4699: $? = 0
configure:4702: test -z 			 || test ! -s conftest.err
configure:4705: $? = 0
configure:4708: test -s conftest.o
configure:4711: $? = 0
configure:4722: result: yes
configure:4677: checking for sys/stat.h
configure:4693: gcc -c -O3 -DNDEBUG   -D_REENTRANT conftest.c >&5
configure:4699: $? = 0
configure:4702: test -z 			 || test ! -s conftest.err
configure:4705: $? = 0
configure:4708: test -s conftest.o
configure:4711: $? = 0
configure:4722: result: yes
configure:4677: checking for stdlib.h
configure:4693: gcc -c -O3 -DNDEBUG   -D_REENTRANT conftest.c >&5
configure:4699: $? = 0
configure:4702: test -z 			 || test ! -s conftest.err
configure:4705: $? = 0
configure:4708: test -s conftest.o
configure:4711: $? = 0
configure:4722: result: yes
configure:4677: checking for string.h
configure:4693: gcc -c -O3 -DNDEBUG   -D_REENTRANT conftest.c >&5
configure:4699: $? = 0
configure:4702: test -z 			 || test ! -s conftest.err
configure:4705: $? = 0
configure:4708: test -s conftest.o
configure:4711: $? = 0
configure:4722: result: yes
configure:4677: checking for memory.h
configure:4693: gcc -c -O3 -DNDEBUG   -D_REENTRANT conftest.c >&5
configure:4699: $? = 0
configure:4702: test -z 			 || test ! -s conftest.err
configure:4705: $? = 0
configure:4708: test -s conftest.o
configure:4711: $? = 0
configure:4722: result: yes
configure:4677: checking for strings.h
configure:4693: gcc -c -O3 -DNDEBUG   -D_REENTRANT conftest.c >&5
configure:4699: $? = 0
configure:4702: test -z 			 || test ! -s conftest.err
configure:4705: $? = 0
configure:4708: test -s conftest.o
configure:4711: $? = 0
configure:4722: result: yes
configure:4677: checking for inttypes.h
configure:4693: gcc -c -O3 -DNDEBUG   -D_REENTRANT conftest.c >&5
configure:4699: $? = 0
configure:4702: test -z 			 || test ! -s conftest.err
configure:4705: $? = 0
configure:4708: test -s conftest.o
configure:4711: $? = 0
configure:4722: result: yes
configure:4677: checking for stdint.h
configure:4693: gcc -c -O3 -DNDEBUG   -D_REENTRANT conftest.c >&5
configure:4699: $? = 0
configure:4702: test -z 			 || test ! -s conftest.err
configure:4705: $? = 0
configure:4708: test -s conftest.o
configure:4711: $? = 0
configure:4722: result: yes
configure:4677: checking for unistd.h
configure:4693: gcc -c -O3 -DNDEBUG   -D_REENTRANT conftest.c >&5
configure:4699: $? = 0
configure:4702: test -z 			 || test ! -s conftest.err
configure:4705: $? = 0
configure:4708: test -s conftest.o
configure:4711: $? = 0
configure:4722: result: yes
configure:4748: checking dlfcn.h usability
configure:4760: gcc -c -O3 -DNDEBUG   -D_REENTRANT conftest.c >&5
configure:4766: $? = 0
configure:4769: test -z 			 || test ! -s conftest.err
configure:4772: $? = 0
configure:4775: test -s conftest.o
configure:4778: $? = 0
configure:4788: result: yes
configure:4792: checking dlfcn.h presence
configure:4802: gcc -E  -D_REENTRANT conftest.c
configure:4808: $? = 0
configure:4828: result: yes
configure:4863: checking for dlfcn.h
configure:4870: result: yes
configure:4935: checking for g++
configure:4951: found /usr/bin/g++
configure:4961: result: g++
configure:4977: checking for C++ compiler version
configure:4980: g++ --version </dev/null >&5
powerpc-apple-darwin8-g++-4.0.1 (GCC) 4.0.1 (Apple Computer, Inc. build 5247)
Copyright (C) 2005 Free Software Foundation, Inc.
This is free software; see the source for copying conditions.  There is NO
warranty; not even for MERCHANTABILITY or FITNESS FOR A PARTICULAR PURPOSE.

configure:4983: $? = 0
configure:4985: g++ -v </dev/null >&5
Using built-in specs.
Target: powerpc-apple-darwin8
Configured with: /private/var/tmp/gcc/gcc-5247.obj~4/src/configure --disable-checking -enable-werror --prefix=/usr --mandir=/share/man --enable-languages=c,objc,c++,obj-c++ --program-transform-name=/^[cg][^.-]*$/s/$/-4.0/ --with-gxx-include-dir=/include/c++/4.0.0 --build=powerpc-apple-darwin8 --host=powerpc-apple-darwin8 --target=powerpc-apple-darwin8
Thread model: posix
gcc version 4.0.1 (Apple Computer, Inc. build 5247)
configure:4988: $? = 0
configure:4990: g++ -V </dev/null >&5
g++: argument to `-V' is missing
configure:4993: $? = 1
configure:4996: checking whether we are using the GNU C++ compiler
configure:5020: g++ -c -O3 -DNDEBUG -finline-functions   -D_REENTRANT conftest.cc >&5
configure:5026: $? = 0
configure:5029: test -z 			 || test ! -s conftest.err
configure:5032: $? = 0
configure:5035: test -s conftest.o
configure:5038: $? = 0
configure:5051: result: yes
configure:5057: checking whether g++ accepts -g
configure:5078: g++ -c -g  -D_REENTRANT conftest.cc >&5
configure:5084: $? = 0
configure:5087: test -z 			 || test ! -s conftest.err
configure:5090: $? = 0
configure:5093: test -s conftest.o
configure:5096: $? = 0
configure:5107: result: yes
configure:5149: g++ -c -O3 -DNDEBUG -finline-functions   -D_REENTRANT conftest.cc >&5
configure:5155: $? = 0
configure:5158: test -z 			 || test ! -s conftest.err
configure:5161: $? = 0
configure:5164: test -s conftest.o
configure:5167: $? = 0
configure:5193: g++ -c -O3 -DNDEBUG -finline-functions   -D_REENTRANT conftest.cc >&5
conftest.cc: In function 'int main()':
conftest.cc:24: error: 'exit' was not declared in this scope
configure:5199: $? = 1
configure: failed program was:
| /* confdefs.h.  */
| 
| #define PACKAGE_NAME "libltdl"
| #define PACKAGE_TARNAME "libltdl"
| #define PACKAGE_VERSION "1.2"
| #define PACKAGE_STRING "libltdl 1.2"
| #define PACKAGE_BUGREPORT "bug-libtool@gnu.org"
| #define STDC_HEADERS 1
| #define HAVE_SYS_TYPES_H 1
| #define HAVE_SYS_STAT_H 1
| #define HAVE_STDLIB_H 1
| #define HAVE_STRING_H 1
| #define HAVE_MEMORY_H 1
| #define HAVE_STRINGS_H 1
| #define HAVE_INTTYPES_H 1
| #define HAVE_STDINT_H 1
| #define HAVE_UNISTD_H 1
| #define HAVE_DLFCN_H 1
| /* end confdefs.h.  */
| 
| int
| main ()
| {
| exit (42);
|   ;
|   return 0;
| }
configure:5149: g++ -c -O3 -DNDEBUG -finline-functions   -D_REENTRANT conftest.cc >&5
/usr/include/stdlib.h:158: error: declaration of 'void std::exit(int)' throws different exceptions
conftest.cc:20: error: than previous declaration 'void std::exit(int) throw ()'
configure:5155: $? = 1
configure: failed program was:
| /* confdefs.h.  */
| 
| #define PACKAGE_NAME "libltdl"
| #define PACKAGE_TARNAME "libltdl"
| #define PACKAGE_VERSION "1.2"
| #define PACKAGE_STRING "libltdl 1.2"
| #define PACKAGE_BUGREPORT "bug-libtool@gnu.org"
| #define STDC_HEADERS 1
| #define HAVE_SYS_TYPES_H 1
| #define HAVE_SYS_STAT_H 1
| #define HAVE_STDLIB_H 1
| #define HAVE_STRING_H 1
| #define HAVE_MEMORY_H 1
| #define HAVE_STRINGS_H 1
| #define HAVE_INTTYPES_H 1
| #define HAVE_STDINT_H 1
| #define HAVE_UNISTD_H 1
| #define HAVE_DLFCN_H 1
| /* end confdefs.h.  */
| extern "C" void std::exit (int) throw (); using std::exit;
| #include <stdlib.h>
| int
| main ()
| {
| exit (42);
|   ;
|   return 0;
| }
configure:5149: g++ -c -O3 -DNDEBUG -finline-functions   -D_REENTRANT conftest.cc >&5
configure:5155: $? = 0
configure:5158: test -z 			 || test ! -s conftest.err
configure:5161: $? = 0
configure:5164: test -s conftest.o
configure:5167: $? = 0
configure:5193: g++ -c -O3 -DNDEBUG -finline-functions   -D_REENTRANT conftest.cc >&5
configure:5199: $? = 0
configure:5202: test -z 			 || test ! -s conftest.err
configure:5205: $? = 0
configure:5208: test -s conftest.o
configure:5211: $? = 0
configure:5236: checking dependency style of g++
configure:5326: result: none
configure:5353: checking how to run the C++ preprocessor
configure:5384: g++ -E  -D_REENTRANT conftest.cc
configure:5390: $? = 0
configure:5422: g++ -E  -D_REENTRANT conftest.cc
conftest.cc:23:28: error: ac_nonexistent.h: No such file or directory
configure:5428: $? = 1
configure: failed program was:
| /* confdefs.h.  */
| 
| #define PACKAGE_NAME "libltdl"
| #define PACKAGE_TARNAME "libltdl"
| #define PACKAGE_VERSION "1.2"
| #define PACKAGE_STRING "libltdl 1.2"
| #define PACKAGE_BUGREPORT "bug-libtool@gnu.org"
| #define STDC_HEADERS 1
| #define HAVE_SYS_TYPES_H 1
| #define HAVE_SYS_STAT_H 1
| #define HAVE_STDLIB_H 1
| #define HAVE_STRING_H 1
| #define HAVE_MEMORY_H 1
| #define HAVE_STRINGS_H 1
| #define HAVE_INTTYPES_H 1
| #define HAVE_STDINT_H 1
| #define HAVE_UNISTD_H 1
| #define HAVE_DLFCN_H 1
| #ifdef __cplusplus
| extern "C" void std::exit (int); using std::exit;
| #endif
| /* end confdefs.h.  */
| #include <ac_nonexistent.h>
configure:5467: result: g++ -E
configure:5491: g++ -E  -D_REENTRANT conftest.cc
configure:5497: $? = 0
configure:5529: g++ -E  -D_REENTRANT conftest.cc
conftest.cc:23:28: error: ac_nonexistent.h: No such file or directory
configure:5535: $? = 1
configure: failed program was:
| /* confdefs.h.  */
| 
| #define PACKAGE_NAME "libltdl"
| #define PACKAGE_TARNAME "libltdl"
| #define PACKAGE_VERSION "1.2"
| #define PACKAGE_STRING "libltdl 1.2"
| #define PACKAGE_BUGREPORT "bug-libtool@gnu.org"
| #define STDC_HEADERS 1
| #define HAVE_SYS_TYPES_H 1
| #define HAVE_SYS_STAT_H 1
| #define HAVE_STDLIB_H 1
| #define HAVE_STRING_H 1
| #define HAVE_MEMORY_H 1
| #define HAVE_STRINGS_H 1
| #define HAVE_INTTYPES_H 1
| #define HAVE_STDINT_H 1
| #define HAVE_UNISTD_H 1
| #define HAVE_DLFCN_H 1
| #ifdef __cplusplus
| extern "C" void std::exit (int); using std::exit;
| #endif
| /* end confdefs.h.  */
| #include <ac_nonexistent.h>
configure:5632: checking for g77
configure:5661: result: no
configure:5632: checking for f77
configure:5661: result: no
configure:5632: checking for xlf
configure:5661: result: no
configure:5632: checking for frt
configure:5661: result: no
configure:5632: checking for pgf77
configure:5661: result: no
configure:5632: checking for fort77
configure:5661: result: no
configure:5632: checking for fl32
configure:5661: result: no
configure:5632: checking for af77
configure:5661: result: no
configure:5632: checking for f90
configure:5661: result: no
configure:5632: checking for xlf90
configure:5661: result: no
configure:5632: checking for pgf90
configure:5661: result: no
configure:5632: checking for epcf90
configure:5661: result: no
configure:5632: checking for f95
configure:5661: result: no
configure:5632: checking for fort
configure:5661: result: no
configure:5632: checking for xlf95
configure:5661: result: no
configure:5632: checking for ifc
configure:5661: result: no
configure:5632: checking for efc
configure:5661: result: no
configure:5632: checking for pgf95
configure:5661: result: no
configure:5632: checking for lf95
configure:5661: result: no
configure:5632: checking for gfortran
configure:5661: result: no
configure:5676: checking for Fortran 77 compiler version
configure:5676:  --version </dev/null >&5
./configure: line 1: --version: command not found
configure:5679: $? = 127
configure:5681:  -v </dev/null >&5
./configure: line 1: -v: command not found
configure:5684: $? = 127
configure:5686:  -V </dev/null >&5
./configure: line 1: -V: command not found
configure:5689: $? = 127
configure:5697: checking whether we are using the GNU Fortran 77 compiler
configure:5711:  -c  conftest.F >&5
./configure: line 1: -c: command not found
configure:5717: $? = 127
configure: failed program was:
|       program main
| #ifndef __GNUC__
|        choke me
| #endif
| 
|       end
configure:5742: result: no
configure:5748: checking whether  accepts -g
configure:5760:  -c -g conftest.f >&5
./configure: line 1: -c: command not found
configure:5766: $? = 127
configure: failed program was:
|       program main
| 
|       end
configure:5790: result: no
configure:5820: checking the maximum length of command line arguments
configure:5912: result: 196608
configure:5923: checking command to parse /usr/bin/nm -p output from gcc object
configure:6019: gcc -c -O3 -DNDEBUG   -D_REENTRANT conftest.c >&5
configure:6022: $? = 0
configure:6026: /usr/bin/nm -p conftest.o \| sed -n -e 's/^.*[ 	]\([BCDEGRST][BCDEGRST]*\)[ 	][ 	]*\([_A-Za-z][_A-Za-z0-9]*\)$/\1 \2 \2/p' \> conftest.nm
configure:6029: $? = 0
cannot find nm_test_var in conftest.nm
configure:6019: gcc -c -O3 -DNDEBUG   -D_REENTRANT conftest.c >&5
configure:6022: $? = 0
configure:6026: /usr/bin/nm -p conftest.o \| sed -n -e 's/^.*[ 	]\([BCDEGRST][BCDEGRST]*\)[ 	][ 	]*_\([_A-Za-z][_A-Za-z0-9]*\)$/\1 _\2 \2/p' \> conftest.nm
configure:6029: $? = 0
configure:6081: gcc -o conftest -O3 -DNDEBUG   -D_REENTRANT   conftest.c conftstm.o >&5
configure:6084: $? = 0
configure:6122: result: ok
configure:6126: checking for objdir
configure:6141: result: .libs
configure:6231: checking for ar
configure:6247: found /usr/bin/ar
configure:6258: result: ar
configure:6311: checking for ranlib
configure:6327: found /usr/bin/ranlib
configure:6338: result: ranlib
configure:6391: checking for strip
configure:6407: found /usr/bin/strip
configure:6418: result: strip
configure:6705: checking if gcc static flag  works
configure:6733: result: yes
configure:6755: checking if gcc supports -fno-rtti -fno-exceptions
configure:6776: gcc -c -O3 -DNDEBUG   -D_REENTRANT -fno-rtti -fno-exceptions conftest.c >&5
cc1: warning: command line option "-fno-rtti" is valid for C++/ObjC++ but not for C
configure:6780: $? = 0
configure:6790: result: no
configure:6805: checking for gcc option to produce PIC
configure:7009: result: -fno-common
configure:7017: checking if gcc PIC flag -fno-common works
configure:7038: gcc -c -O3 -DNDEBUG   -D_REENTRANT -fno-common -DPIC conftest.c >&5
configure:7042: $? = 0
configure:7052: result: yes
configure:7076: checking if gcc supports -c -o file.o
configure:7100: gcc -c -O3 -DNDEBUG   -D_REENTRANT -o out/conftest2.o conftest.c >&5
configure:7104: $? = 0
configure:7123: result: yes
configure:7149: checking whether the gcc linker (/usr/bin/ld) supports shared libraries
configure:8043: result: yes
configure:8114: checking dynamic linker characteristics
configure:8668: result: darwin8.3.0 dyld
configure:8672: checking how to hardcode library paths into programs
configure:8697: result: immediate
configure:8711: checking whether stripping libraries is possible
configure:8724: result: yes
configure:9539: checking if libtool supports shared libraries
configure:9541: result: yes
configure:9544: checking whether to build shared libraries
configure:9565: result: yes
configure:9568: checking whether to build static libraries
configure:9572: result: no
configure:9664: creating libtool
configure:10242: checking for ld used by g++
configure:10309: result: /usr/bin/ld
configure:10318: checking if the linker (/usr/bin/ld) is GNU ld
configure:10333: result: no
configure:10384: checking whether the g++ linker (/usr/bin/ld) supports shared libraries
configure:11262: result: yes
configure:11284: g++ -c -O3 -DNDEBUG -finline-functions   -D_REENTRANT conftest.cpp >&5
configure:11287: $? = 0
configure:11397: checking for g++ option to produce PIC
configure:11665: result: -fno-common
configure:11673: checking if g++ PIC flag -fno-common works
configure:11694: g++ -c -O3 -DNDEBUG -finline-functions   -D_REENTRANT -fno-common -DPIC conftest.cpp >&5
configure:11698: $? = 0
configure:11708: result: yes
configure:11732: checking if g++ supports -c -o file.o
configure:11756: g++ -c -O3 -DNDEBUG -finline-functions   -D_REENTRANT -o out/conftest2.o conftest.cpp >&5
configure:11760: $? = 0
configure:11779: result: yes
configure:11805: checking whether the g++ linker (/usr/bin/ld) supports shared libraries
configure:11830: result: yes
configure:11901: checking dynamic linker characteristics
configure:12455: result: darwin8.3.0 dyld
configure:12459: checking how to hardcode library paths into programs
configure:12484: result: immediate
configure:12498: checking whether stripping libraries is possible
configure:12511: result: yes
configure:20021: checking for dirent.h that defines DIR
configure:20045: gcc -c -O3 -DNDEBUG   -D_REENTRANT conftest.c >&5
configure:20051: $? = 0
configure:20054: test -z 			 || test ! -s conftest.err
configure:20057: $? = 0
configure:20060: test -s conftest.o
configure:20063: $? = 0
configure:20074: result: yes
configure:20087: checking for library containing opendir
configure:20117: gcc -o conftest -O3 -DNDEBUG   -D_REENTRANT   conftest.c -lm   >&5
configure:20123: $? = 0
configure:20126: test -z 			 || test ! -s conftest.err
configure:20129: $? = 0
configure:20132: test -s conftest
configure:20135: $? = 0
configure:20204: result: none required
configure:20366: checking which extension is used for loadable modules
configure:20376: result: .so
configure:20387: checking which variable specifies run-time library path
configure:20394: result: DYLD_LIBRARY_PATH
configure:20405: checking for the default library search path
configure:20412: result: /usr/local/lib /lib /usr/lib
configure:20430: checking for objdir
configure:20451: result: .libs
configure:20460: checking whether libtool supports -dlopen/-dlpreopen
configure:20472: result: yes
configure:20491: checking for shl_load
configure:20548: gcc -o conftest -O3 -DNDEBUG   -D_REENTRANT   conftest.c -lm   >&5
/usr/bin/ld: Undefined symbols:
_shl_load
collect2: ld returned 1 exit status
configure:20554: $? = 1
configure: failed program was:
| /* confdefs.h.  */
| 
| #define PACKAGE_NAME "libltdl"
| #define PACKAGE_TARNAME "libltdl"
| #define PACKAGE_VERSION "1.2"
| #define PACKAGE_STRING "libltdl 1.2"
| #define PACKAGE_BUGREPORT "bug-libtool@gnu.org"
| #define STDC_HEADERS 1
| #define HAVE_SYS_TYPES_H 1
| #define HAVE_SYS_STAT_H 1
| #define HAVE_STDLIB_H 1
| #define HAVE_STRING_H 1
| #define HAVE_MEMORY_H 1
| #define HAVE_STRINGS_H 1
| #define HAVE_INTTYPES_H 1
| #define HAVE_STDINT_H 1
| #define HAVE_UNISTD_H 1
| #define HAVE_DLFCN_H 1
| #ifdef __cplusplus
| extern "C" void std::exit (int); using std::exit;
| #endif
| #define HAVE_DIRENT_H 1
| #define LTDL_SHLIB_EXT ".so"
| #define LTDL_SHLIBPATH_VAR "DYLD_LIBRARY_PATH"
| #define LTDL_SYSSEARCHPATH "/usr/local/lib:/lib:/usr/lib"
| #define LTDL_OBJDIR ".libs/"
| #define HAVE_PRELOADED_SYMBOLS 1
| /* end confdefs.h.  */
| /* Define shl_load to an innocuous variant, in case <limits.h> declares shl_load.
|    For example, HP-UX 11i <limits.h> declares gettimeofday.  */
| #define shl_load innocuous_shl_load
| 
| /* System header to define __stub macros and hopefully few prototypes,
|     which can conflict with char shl_load (); below.
|     Prefer <limits.h> to <assert.h> if __STDC__ is defined, since
|     <limits.h> exists even on freestanding compilers.  */
| 
| #ifdef __STDC__
| # include <limits.h>
| #else
| # include <assert.h>
| #endif
| 
| #undef shl_load
| 
| /* Override any gcc2 internal prototype to avoid an error.  */
| #ifdef __cplusplus
| extern "C"
| {
| #endif
| /* We use char because int might match the return type of a gcc2
|    builtin and then its argument prototype would still apply.  */
| char shl_load ();
| /* The GNU C library defines this for functions which it implements
|     to always fail with ENOSYS.  Some functions are actually named
|     something starting with __ and the normal name is an alias.  */
| #if defined (__stub_shl_load) || defined (__stub___shl_load)
| choke me
| #else
| char (*f) () = shl_load;
| #endif
| #ifdef __cplusplus
| }
| #endif
| 
| int
| main ()
| {
| return f != shl_load;
|   ;
|   return 0;
| }
configure:20578: result: no
configure:20587: checking for shl_load in -ldld
configure:20617: gcc -o conftest -O3 -DNDEBUG   -D_REENTRANT   conftest.c -ldld  -lm   >&5
/usr/bin/ld: can't locate file for: -ldld
collect2: ld returned 1 exit status
configure:20623: $? = 1
configure: failed program was:
| /* confdefs.h.  */
| 
| #define PACKAGE_NAME "libltdl"
| #define PACKAGE_TARNAME "libltdl"
| #define PACKAGE_VERSION "1.2"
| #define PACKAGE_STRING "libltdl 1.2"
| #define PACKAGE_BUGREPORT "bug-libtool@gnu.org"
| #define STDC_HEADERS 1
| #define HAVE_SYS_TYPES_H 1
| #define HAVE_SYS_STAT_H 1
| #define HAVE_STDLIB_H 1
| #define HAVE_STRING_H 1
| #define HAVE_MEMORY_H 1
| #define HAVE_STRINGS_H 1
| #define HAVE_INTTYPES_H 1
| #define HAVE_STDINT_H 1
| #define HAVE_UNISTD_H 1
| #define HAVE_DLFCN_H 1
| #ifdef __cplusplus
| extern "C" void std::exit (int); using std::exit;
| #endif
| #define HAVE_DIRENT_H 1
| #define LTDL_SHLIB_EXT ".so"
| #define LTDL_SHLIBPATH_VAR "DYLD_LIBRARY_PATH"
| #define LTDL_SYSSEARCHPATH "/usr/local/lib:/lib:/usr/lib"
| #define LTDL_OBJDIR ".libs/"
| #define HAVE_PRELOADED_SYMBOLS 1
| /* end confdefs.h.  */
| 
| /* Override any gcc2 internal prototype to avoid an error.  */
| #ifdef __cplusplus
| extern "C"
| #endif
| /* We use char because int might match the return type of a gcc2
|    builtin and then its argument prototype would still apply.  */
| char shl_load ();
| int
| main ()
| {
| shl_load ();
|   ;
|   return 0;
| }
configure:20648: result: no
configure:20658: checking for dlopen in -ldl
configure:20688: gcc -o conftest -O3 -DNDEBUG   -D_REENTRANT   conftest.c -ldl  -lm   >&5
configure:20694: $? = 0
configure:20697: test -z 			 || test ! -s conftest.err
configure:20700: $? = 0
configure:20703: test -s conftest
configure:20706: $? = 0
configure:20719: result: yes
configure:21044: checking for dlerror
configure:21101: gcc -o conftest -O3 -DNDEBUG   -D_REENTRANT   conftest.c -lm   -ldl >&5
configure:21107: $? = 0
configure:21110: test -z 			 || test ! -s conftest.err
configure:21113: $? = 0
configure:21116: test -s conftest
configure:21119: $? = 0
configure:21131: result: yes
configure:21151: checking for _ prefix in compiled symbols
configure:21161: gcc -c -O3 -DNDEBUG   -D_REENTRANT conftest.c >&5
configure:21164: $? = 0
configure:21168: /usr/bin/nm -p conftest.o \| sed -n -e 's/^.*[ 	]\([BCDEGRST][BCDEGRST]*\)[ 	][ 	]*_\([_A-Za-z][_A-Za-z0-9]*\)$/\1 _\2 \2/p' \> conftest.nm
configure:21171: $? = 0
configure:21193: result: yes
configure:21200: checking whether we have to add an underscore for dlsym
configure:21275: gcc -o conftest -O3 -DNDEBUG   -D_REENTRANT   conftest.c -lm   -ldl >&5
configure: In function 'main':
configure:21274: warning: incompatible implicit declaration of built-in function 'exit'
configure:21278: $? = 0
configure:21297: result: no
configure:21311: checking whether deplibs are loaded by dlopen
configure:21386: result: yes
configure:21410: checking argz.h usability
configure:21422: gcc -c -O3 -DNDEBUG   -D_REENTRANT conftest.c >&5
conftest.c:65:18: error: argz.h: No such file or directory
configure:21428: $? = 1
configure: failed program was:
| /* confdefs.h.  */
| 
| #define PACKAGE_NAME "libltdl"
| #define PACKAGE_TARNAME "libltdl"
| #define PACKAGE_VERSION "1.2"
| #define PACKAGE_STRING "libltdl 1.2"
| #define PACKAGE_BUGREPORT "bug-libtool@gnu.org"
| #define STDC_HEADERS 1
| #define HAVE_SYS_TYPES_H 1
| #define HAVE_SYS_STAT_H 1
| #define HAVE_STDLIB_H 1
| #define HAVE_STRING_H 1
| #define HAVE_MEMORY_H 1
| #define HAVE_STRINGS_H 1
| #define HAVE_INTTYPES_H 1
| #define HAVE_STDINT_H 1
| #define HAVE_UNISTD_H 1
| #define HAVE_DLFCN_H 1
| #ifdef __cplusplus
| extern "C" void std::exit (int); using std::exit;
| #endif
| #define HAVE_DIRENT_H 1
| #define LTDL_SHLIB_EXT ".so"
| #define LTDL_SHLIBPATH_VAR "DYLD_LIBRARY_PATH"
| #define LTDL_SYSSEARCHPATH "/usr/local/lib:/lib:/usr/lib"
| #define LTDL_OBJDIR ".libs/"
| #define HAVE_PRELOADED_SYMBOLS 1
| #define HAVE_LIBDL 1
| #define HAVE_DLERROR 1
| /* end confdefs.h.  */
| #include <stdio.h>
| #if HAVE_SYS_TYPES_H
| # include <sys/types.h>
| #endif
| #if HAVE_SYS_STAT_H
| # include <sys/stat.h>
| #endif
| #if STDC_HEADERS
| # include <stdlib.h>
| # include <stddef.h>
| #else
| # if HAVE_STDLIB_H
| #  include <stdlib.h>
| # endif
| #endif
| #if HAVE_STRING_H
| # if !STDC_HEADERS && HAVE_MEMORY_H
| #  include <memory.h>
| # endif
| # include <string.h>
| #endif
| #if HAVE_STRINGS_H
| # include <strings.h>
| #endif
| #if HAVE_INTTYPES_H
| # include <inttypes.h>
| #else
| # if HAVE_STDINT_H
| #  include <stdint.h>
| # endif
| #endif
| #if HAVE_UNISTD_H
| # include <unistd.h>
| #endif
| #include <argz.h>
configure:21450: result: no
configure:21454: checking argz.h presence
configure:21464: gcc -E  -D_REENTRANT conftest.c
conftest.c:31:18: error: argz.h: No such file or directory
configure:21470: $? = 1
configure: failed program was:
| /* confdefs.h.  */
| 
| #define PACKAGE_NAME "libltdl"
| #define PACKAGE_TARNAME "libltdl"
| #define PACKAGE_VERSION "1.2"
| #define PACKAGE_STRING "libltdl 1.2"
| #define PACKAGE_BUGREPORT "bug-libtool@gnu.org"
| #define STDC_HEADERS 1
| #define HAVE_SYS_TYPES_H 1
| #define HAVE_SYS_STAT_H 1
| #define HAVE_STDLIB_H 1
| #define HAVE_STRING_H 1
| #define HAVE_MEMORY_H 1
| #define HAVE_STRINGS_H 1
| #define HAVE_INTTYPES_H 1
| #define HAVE_STDINT_H 1
| #define HAVE_UNISTD_H 1
| #define HAVE_DLFCN_H 1
| #ifdef __cplusplus
| extern "C" void std::exit (int); using std::exit;
| #endif
| #define HAVE_DIRENT_H 1
| #define LTDL_SHLIB_EXT ".so"
| #define LTDL_SHLIBPATH_VAR "DYLD_LIBRARY_PATH"
| #define LTDL_SYSSEARCHPATH "/usr/local/lib:/lib:/usr/lib"
| #define LTDL_OBJDIR ".libs/"
| #define HAVE_PRELOADED_SYMBOLS 1
| #define HAVE_LIBDL 1
| #define HAVE_DLERROR 1
| /* end confdefs.h.  */
| #include <argz.h>
configure:21490: result: no
configure:21525: checking for argz.h
configure:21532: result: no
configure:21546: checking for error_t
configure:21573: gcc -c -O3 -DNDEBUG   -D_REENTRANT conftest.c >&5
conftest.c: In function 'main':
conftest.c:38: error: 'error_t' undeclared (first use in this function)
conftest.c:38: error: (Each undeclared identifier is reported only once
conftest.c:38: error: for each function it appears in.)
conftest.c:38: error: parse error before ')' token
configure:21579: $? = 1
configure: failed program was:
| /* confdefs.h.  */
| 
| #define PACKAGE_NAME "libltdl"
| #define PACKAGE_TARNAME "libltdl"
| #define PACKAGE_VERSION "1.2"
| #define PACKAGE_STRING "libltdl 1.2"
| #define PACKAGE_BUGREPORT "bug-libtool@gnu.org"
| #define STDC_HEADERS 1
| #define HAVE_SYS_TYPES_H 1
| #define HAVE_SYS_STAT_H 1
| #define HAVE_STDLIB_H 1
| #define HAVE_STRING_H 1
| #define HAVE_MEMORY_H 1
| #define HAVE_STRINGS_H 1
| #define HAVE_INTTYPES_H 1
| #define HAVE_STDINT_H 1
| #define HAVE_UNISTD_H 1
| #define HAVE_DLFCN_H 1
| #ifdef __cplusplus
| extern "C" void std::exit (int); using std::exit;
| #endif
| #define HAVE_DIRENT_H 1
| #define LTDL_SHLIB_EXT ".so"
| #define LTDL_SHLIBPATH_VAR "DYLD_LIBRARY_PATH"
| #define LTDL_SYSSEARCHPATH "/usr/local/lib:/lib:/usr/lib"
| #define LTDL_OBJDIR ".libs/"
| #define HAVE_PRELOADED_SYMBOLS 1
| #define HAVE_LIBDL 1
| #define HAVE_DLERROR 1
| /* end confdefs.h.  */
| #if HAVE_ARGZ_H
| #  include <argz.h>
| #endif
| 
| int
| main ()
| {
| if ((error_t *) 0)
|   return 0;
| if (sizeof (error_t))
|   return 0;
|   ;
|   return 0;
| }
configure:21602: result: no
configure:21628: checking for argz_append
configure:21685: gcc -o conftest -O3 -DNDEBUG   -D_REENTRANT   conftest.c -lm   >&5
/usr/bin/ld: Undefined symbols:
_argz_append
collect2: ld returned 1 exit status
configure:21691: $? = 1
configure: failed program was:
| /* confdefs.h.  */
| 
| #define PACKAGE_NAME "libltdl"
| #define PACKAGE_TARNAME "libltdl"
| #define PACKAGE_VERSION "1.2"
| #define PACKAGE_STRING "libltdl 1.2"
| #define PACKAGE_BUGREPORT "bug-libtool@gnu.org"
| #define STDC_HEADERS 1
| #define HAVE_SYS_TYPES_H 1
| #define HAVE_SYS_STAT_H 1
| #define HAVE_STDLIB_H 1
| #define HAVE_STRING_H 1
| #define HAVE_MEMORY_H 1
| #define HAVE_STRINGS_H 1
| #define HAVE_INTTYPES_H 1
| #define HAVE_STDINT_H 1
| #define HAVE_UNISTD_H 1
| #define HAVE_DLFCN_H 1
| #ifdef __cplusplus
| extern "C" void std::exit (int); using std::exit;
| #endif
| #define HAVE_DIRENT_H 1
| #define LTDL_SHLIB_EXT ".so"
| #define LTDL_SHLIBPATH_VAR "DYLD_LIBRARY_PATH"
| #define LTDL_SYSSEARCHPATH "/usr/local/lib:/lib:/usr/lib"
| #define LTDL_OBJDIR ".libs/"
| #define HAVE_PRELOADED_SYMBOLS 1
| #define HAVE_LIBDL 1
| #define HAVE_DLERROR 1
| #define error_t int
| /* end confdefs.h.  */
| /* Define argz_append to an innocuous variant, in case <limits.h> declares argz_append.
|    For example, HP-UX 11i <limits.h> declares gettimeofday.  */
| #define argz_append innocuous_argz_append
| 
| /* System header to define __stub macros and hopefully few prototypes,
|     which can conflict with char argz_append (); below.
|     Prefer <limits.h> to <assert.h> if __STDC__ is defined, since
|     <limits.h> exists even on freestanding compilers.  */
| 
| #ifdef __STDC__
| # include <limits.h>
| #else
| # include <assert.h>
| #endif
| 
| #undef argz_append
| 
| /* Override any gcc2 internal prototype to avoid an error.  */
| #ifdef __cplusplus
| extern "C"
| {
| #endif
| /* We use char because int might match the return type of a gcc2
|    builtin and then its argument prototype would still apply.  */
| char argz_append ();
| /* The GNU C library defines this for functions which it implements
|     to always fail with ENOSYS.  Some functions are actually named
|     something starting with __ and the normal name is an alias.  */
| #if defined (__stub_argz_append) || defined (__stub___argz_append)
| choke me
| #else
| char (*f) () = argz_append;
| #endif
| #ifdef __cplusplus
| }
| #endif
| 
| int
| main ()
| {
| return f != argz_append;
|   ;
|   return 0;
| }
configure:21715: result: no
configure:21628: checking for argz_create_sep
configure:21685: gcc -o conftest -O3 -DNDEBUG   -D_REENTRANT   conftest.c -lm   >&5
/usr/bin/ld: Undefined symbols:
_argz_create_sep
collect2: ld returned 1 exit status
configure:21691: $? = 1
configure: failed program was:
| /* confdefs.h.  */
| 
| #define PACKAGE_NAME "libltdl"
| #define PACKAGE_TARNAME "libltdl"
| #define PACKAGE_VERSION "1.2"
| #define PACKAGE_STRING "libltdl 1.2"
| #define PACKAGE_BUGREPORT "bug-libtool@gnu.org"
| #define STDC_HEADERS 1
| #define HAVE_SYS_TYPES_H 1
| #define HAVE_SYS_STAT_H 1
| #define HAVE_STDLIB_H 1
| #define HAVE_STRING_H 1
| #define HAVE_MEMORY_H 1
| #define HAVE_STRINGS_H 1
| #define HAVE_INTTYPES_H 1
| #define HAVE_STDINT_H 1
| #define HAVE_UNISTD_H 1
| #define HAVE_DLFCN_H 1
| #ifdef __cplusplus
| extern "C" void std::exit (int); using std::exit;
| #endif
| #define HAVE_DIRENT_H 1
| #define LTDL_SHLIB_EXT ".so"
| #define LTDL_SHLIBPATH_VAR "DYLD_LIBRARY_PATH"
| #define LTDL_SYSSEARCHPATH "/usr/local/lib:/lib:/usr/lib"
| #define LTDL_OBJDIR ".libs/"
| #define HAVE_PRELOADED_SYMBOLS 1
| #define HAVE_LIBDL 1
| #define HAVE_DLERROR 1
| #define error_t int
| /* end confdefs.h.  */
| /* Define argz_create_sep to an innocuous variant, in case <limits.h> declares argz_create_sep.
|    For example, HP-UX 11i <limits.h> declares gettimeofday.  */
| #define argz_create_sep innocuous_argz_create_sep
| 
| /* System header to define __stub macros and hopefully few prototypes,
|     which can conflict with char argz_create_sep (); below.
|     Prefer <limits.h> to <assert.h> if __STDC__ is defined, since
|     <limits.h> exists even on freestanding compilers.  */
| 
| #ifdef __STDC__
| # include <limits.h>
| #else
| # include <assert.h>
| #endif
| 
| #undef argz_create_sep
| 
| /* Override any gcc2 internal prototype to avoid an error.  */
| #ifdef __cplusplus
| extern "C"
| {
| #endif
| /* We use char because int might match the return type of a gcc2
|    builtin and then its argument prototype would still apply.  */
| char argz_create_sep ();
| /* The GNU C library defines this for functions which it implements
|     to always fail with ENOSYS.  Some functions are actually named
|     something starting with __ and the normal name is an alias.  */
| #if defined (__stub_argz_create_sep) || defined (__stub___argz_create_sep)
| choke me
| #else
| char (*f) () = argz_create_sep;
| #endif
| #ifdef __cplusplus
| }
| #endif
| 
| int
| main ()
| {
| return f != argz_create_sep;
|   ;
|   return 0;
| }
configure:21715: result: no
configure:21628: checking for argz_insert
configure:21685: gcc -o conftest -O3 -DNDEBUG   -D_REENTRANT   conftest.c -lm   >&5
/usr/bin/ld: Undefined symbols:
_argz_insert
collect2: ld returned 1 exit status
configure:21691: $? = 1
configure: failed program was:
| /* confdefs.h.  */
| 
| #define PACKAGE_NAME "libltdl"
| #define PACKAGE_TARNAME "libltdl"
| #define PACKAGE_VERSION "1.2"
| #define PACKAGE_STRING "libltdl 1.2"
| #define PACKAGE_BUGREPORT "bug-libtool@gnu.org"
| #define STDC_HEADERS 1
| #define HAVE_SYS_TYPES_H 1
| #define HAVE_SYS_STAT_H 1
| #define HAVE_STDLIB_H 1
| #define HAVE_STRING_H 1
| #define HAVE_MEMORY_H 1
| #define HAVE_STRINGS_H 1
| #define HAVE_INTTYPES_H 1
| #define HAVE_STDINT_H 1
| #define HAVE_UNISTD_H 1
| #define HAVE_DLFCN_H 1
| #ifdef __cplusplus
| extern "C" void std::exit (int); using std::exit;
| #endif
| #define HAVE_DIRENT_H 1
| #define LTDL_SHLIB_EXT ".so"
| #define LTDL_SHLIBPATH_VAR "DYLD_LIBRARY_PATH"
| #define LTDL_SYSSEARCHPATH "/usr/local/lib:/lib:/usr/lib"
| #define LTDL_OBJDIR ".libs/"
| #define HAVE_PRELOADED_SYMBOLS 1
| #define HAVE_LIBDL 1
| #define HAVE_DLERROR 1
| #define error_t int
| /* end confdefs.h.  */
| /* Define argz_insert to an innocuous variant, in case <limits.h> declares argz_insert.
|    For example, HP-UX 11i <limits.h> declares gettimeofday.  */
| #define argz_insert innocuous_argz_insert
| 
| /* System header to define __stub macros and hopefully few prototypes,
|     which can conflict with char argz_insert (); below.
|     Prefer <limits.h> to <assert.h> if __STDC__ is defined, since
|     <limits.h> exists even on freestanding compilers.  */
| 
| #ifdef __STDC__
| # include <limits.h>
| #else
| # include <assert.h>
| #endif
| 
| #undef argz_insert
| 
| /* Override any gcc2 internal prototype to avoid an error.  */
| #ifdef __cplusplus
| extern "C"
| {
| #endif
| /* We use char because int might match the return type of a gcc2
|    builtin and then its argument prototype would still apply.  */
| char argz_insert ();
| /* The GNU C library defines this for functions which it implements
|     to always fail with ENOSYS.  Some functions are actually named
|     something starting with __ and the normal name is an alias.  */
| #if defined (__stub_argz_insert) || defined (__stub___argz_insert)
| choke me
| #else
| char (*f) () = argz_insert;
| #endif
| #ifdef __cplusplus
| }
| #endif
| 
| int
| main ()
| {
| return f != argz_insert;
|   ;
|   return 0;
| }
configure:21715: result: no
configure:21628: checking for argz_next
configure:21685: gcc -o conftest -O3 -DNDEBUG   -D_REENTRANT   conftest.c -lm   >&5
/usr/bin/ld: Undefined symbols:
_argz_next
collect2: ld returned 1 exit status
configure:21691: $? = 1
configure: failed program was:
| /* confdefs.h.  */
| 
| #define PACKAGE_NAME "libltdl"
| #define PACKAGE_TARNAME "libltdl"
| #define PACKAGE_VERSION "1.2"
| #define PACKAGE_STRING "libltdl 1.2"
| #define PACKAGE_BUGREPORT "bug-libtool@gnu.org"
| #define STDC_HEADERS 1
| #define HAVE_SYS_TYPES_H 1
| #define HAVE_SYS_STAT_H 1
| #define HAVE_STDLIB_H 1
| #define HAVE_STRING_H 1
| #define HAVE_MEMORY_H 1
| #define HAVE_STRINGS_H 1
| #define HAVE_INTTYPES_H 1
| #define HAVE_STDINT_H 1
| #define HAVE_UNISTD_H 1
| #define HAVE_DLFCN_H 1
| #ifdef __cplusplus
| extern "C" void std::exit (int); using std::exit;
| #endif
| #define HAVE_DIRENT_H 1
| #define LTDL_SHLIB_EXT ".so"
| #define LTDL_SHLIBPATH_VAR "DYLD_LIBRARY_PATH"
| #define LTDL_SYSSEARCHPATH "/usr/local/lib:/lib:/usr/lib"
| #define LTDL_OBJDIR ".libs/"
| #define HAVE_PRELOADED_SYMBOLS 1
| #define HAVE_LIBDL 1
| #define HAVE_DLERROR 1
| #define error_t int
| /* end confdefs.h.  */
| /* Define argz_next to an innocuous variant, in case <limits.h> declares argz_next.
|    For example, HP-UX 11i <limits.h> declares gettimeofday.  */
| #define argz_next innocuous_argz_next
| 
| /* System header to define __stub macros and hopefully few prototypes,
|     which can conflict with char argz_next (); below.
|     Prefer <limits.h> to <assert.h> if __STDC__ is defined, since
|     <limits.h> exists even on freestanding compilers.  */
| 
| #ifdef __STDC__
| # include <limits.h>
| #else
| # include <assert.h>
| #endif
| 
| #undef argz_next
| 
| /* Override any gcc2 internal prototype to avoid an error.  */
| #ifdef __cplusplus
| extern "C"
| {
| #endif
| /* We use char because int might match the return type of a gcc2
|    builtin and then its argument prototype would still apply.  */
| char argz_next ();
| /* The GNU C library defines this for functions which it implements
|     to always fail with ENOSYS.  Some functions are actually named
|     something starting with __ and the normal name is an alias.  */
| #if defined (__stub_argz_next) || defined (__stub___argz_next)
| choke me
| #else
| char (*f) () = argz_next;
| #endif
| #ifdef __cplusplus
| }
| #endif
| 
| int
| main ()
| {
| return f != argz_next;
|   ;
|   return 0;
| }
configure:21715: result: no
configure:21628: checking for argz_stringify
configure:21685: gcc -o conftest -O3 -DNDEBUG   -D_REENTRANT   conftest.c -lm   >&5
/usr/bin/ld: Undefined symbols:
_argz_stringify
collect2: ld returned 1 exit status
configure:21691: $? = 1
configure: failed program was:
| /* confdefs.h.  */
| 
| #define PACKAGE_NAME "libltdl"
| #define PACKAGE_TARNAME "libltdl"
| #define PACKAGE_VERSION "1.2"
| #define PACKAGE_STRING "libltdl 1.2"
| #define PACKAGE_BUGREPORT "bug-libtool@gnu.org"
| #define STDC_HEADERS 1
| #define HAVE_SYS_TYPES_H 1
| #define HAVE_SYS_STAT_H 1
| #define HAVE_STDLIB_H 1
| #define HAVE_STRING_H 1
| #define HAVE_MEMORY_H 1
| #define HAVE_STRINGS_H 1
| #define HAVE_INTTYPES_H 1
| #define HAVE_STDINT_H 1
| #define HAVE_UNISTD_H 1
| #define HAVE_DLFCN_H 1
| #ifdef __cplusplus
| extern "C" void std::exit (int); using std::exit;
| #endif
| #define HAVE_DIRENT_H 1
| #define LTDL_SHLIB_EXT ".so"
| #define LTDL_SHLIBPATH_VAR "DYLD_LIBRARY_PATH"
| #define LTDL_SYSSEARCHPATH "/usr/local/lib:/lib:/usr/lib"
| #define LTDL_OBJDIR ".libs/"
| #define HAVE_PRELOADED_SYMBOLS 1
| #define HAVE_LIBDL 1
| #define HAVE_DLERROR 1
| #define error_t int
| /* end confdefs.h.  */
| /* Define argz_stringify to an innocuous variant, in case <limits.h> declares argz_stringify.
|    For example, HP-UX 11i <limits.h> declares gettimeofday.  */
| #define argz_stringify innocuous_argz_stringify
| 
| /* System header to define __stub macros and hopefully few prototypes,
|     which can conflict with char argz_stringify (); below.
|     Prefer <limits.h> to <assert.h> if __STDC__ is defined, since
|     <limits.h> exists even on freestanding compilers.  */
| 
| #ifdef __STDC__
| # include <limits.h>
| #else
| # include <assert.h>
| #endif
| 
| #undef argz_stringify
| 
| /* Override any gcc2 internal prototype to avoid an error.  */
| #ifdef __cplusplus
| extern "C"
| {
| #endif
| /* We use char because int might match the return type of a gcc2
|    builtin and then its argument prototype would still apply.  */
| char argz_stringify ();
| /* The GNU C library defines this for functions which it implements
|     to always fail with ENOSYS.  Some functions are actually named
|     something starting with __ and the normal name is an alias.  */
| #if defined (__stub_argz_stringify) || defined (__stub___argz_stringify)
| choke me
| #else
| char (*f) () = argz_stringify;
| #endif
| #ifdef __cplusplus
| }
| #endif
| 
| int
| main ()
| {
| return f != argz_stringify;
|   ;
|   return 0;
| }
configure:21715: result: no
configure:21766: checking assert.h usability
configure:21778: gcc -c -O3 -DNDEBUG   -D_REENTRANT conftest.c >&5
configure:21784: $? = 0
configure:21787: test -z 			 || test ! -s conftest.err
configure:21790: $? = 0
configure:21793: test -s conftest.o
configure:21796: $? = 0
configure:21806: result: yes
configure:21810: checking assert.h presence
configure:21820: gcc -E  -D_REENTRANT conftest.c
configure:21826: $? = 0
configure:21846: result: yes
configure:21881: checking for assert.h
configure:21888: result: yes
configure:21766: checking ctype.h usability
configure:21778: gcc -c -O3 -DNDEBUG   -D_REENTRANT conftest.c >&5
configure:21784: $? = 0
configure:21787: test -z 			 || test ! -s conftest.err
configure:21790: $? = 0
configure:21793: test -s conftest.o
configure:21796: $? = 0
configure:21806: result: yes
configure:21810: checking ctype.h presence
configure:21820: gcc -E  -D_REENTRANT conftest.c
configure:21826: $? = 0
configure:21846: result: yes
configure:21881: checking for ctype.h
configure:21888: result: yes
configure:21766: checking errno.h usability
configure:21778: gcc -c -O3 -DNDEBUG   -D_REENTRANT conftest.c >&5
configure:21784: $? = 0
configure:21787: test -z 			 || test ! -s conftest.err
configure:21790: $? = 0
configure:21793: test -s conftest.o
configure:21796: $? = 0
configure:21806: result: yes
configure:21810: checking errno.h presence
configure:21820: gcc -E  -D_REENTRANT conftest.c
configure:21826: $? = 0
configure:21846: result: yes
configure:21881: checking for errno.h
configure:21888: result: yes
configure:21766: checking malloc.h usability
configure:21778: gcc -c -O3 -DNDEBUG   -D_REENTRANT conftest.c >&5
conftest.c:69:20: error: malloc.h: No such file or directory
configure:21784: $? = 1
configure: failed program was:
| /* confdefs.h.  */
| 
| #define PACKAGE_NAME "libltdl"
| #define PACKAGE_TARNAME "libltdl"
| #define PACKAGE_VERSION "1.2"
| #define PACKAGE_STRING "libltdl 1.2"
| #define PACKAGE_BUGREPORT "bug-libtool@gnu.org"
| #define STDC_HEADERS 1
| #define HAVE_SYS_TYPES_H 1
| #define HAVE_SYS_STAT_H 1
| #define HAVE_STDLIB_H 1
| #define HAVE_STRING_H 1
| #define HAVE_MEMORY_H 1
| #define HAVE_STRINGS_H 1
| #define HAVE_INTTYPES_H 1
| #define HAVE_STDINT_H 1
| #define HAVE_UNISTD_H 1
| #define HAVE_DLFCN_H 1
| #ifdef __cplusplus
| extern "C" void std::exit (int); using std::exit;
| #endif
| #define HAVE_DIRENT_H 1
| #define LTDL_SHLIB_EXT ".so"
| #define LTDL_SHLIBPATH_VAR "DYLD_LIBRARY_PATH"
| #define LTDL_SYSSEARCHPATH "/usr/local/lib:/lib:/usr/lib"
| #define LTDL_OBJDIR ".libs/"
| #define HAVE_PRELOADED_SYMBOLS 1
| #define HAVE_LIBDL 1
| #define HAVE_DLERROR 1
| #define error_t int
| #define HAVE_ASSERT_H 1
| #define HAVE_CTYPE_H 1
| #define HAVE_ERRNO_H 1
| /* end confdefs.h.  */
| #include <stdio.h>
| #if HAVE_SYS_TYPES_H
| # include <sys/types.h>
| #endif
| #if HAVE_SYS_STAT_H
| # include <sys/stat.h>
| #endif
| #if STDC_HEADERS
| # include <stdlib.h>
| # include <stddef.h>
| #else
| # if HAVE_STDLIB_H
| #  include <stdlib.h>
| # endif
| #endif
| #if HAVE_STRING_H
| # if !STDC_HEADERS && HAVE_MEMORY_H
| #  include <memory.h>
| # endif
| # include <string.h>
| #endif
| #if HAVE_STRINGS_H
| # include <strings.h>
| #endif
| #if HAVE_INTTYPES_H
| # include <inttypes.h>
| #else
| # if HAVE_STDINT_H
| #  include <stdint.h>
| # endif
| #endif
| #if HAVE_UNISTD_H
| # include <unistd.h>
| #endif
| #include <malloc.h>
configure:21806: result: no
configure:21810: checking malloc.h presence
configure:21820: gcc -E  -D_REENTRANT conftest.c
conftest.c:35:20: error: malloc.h: No such file or directory
configure:21826: $? = 1
configure: failed program was:
| /* confdefs.h.  */
| 
| #define PACKAGE_NAME "libltdl"
| #define PACKAGE_TARNAME "libltdl"
| #define PACKAGE_VERSION "1.2"
| #define PACKAGE_STRING "libltdl 1.2"
| #define PACKAGE_BUGREPORT "bug-libtool@gnu.org"
| #define STDC_HEADERS 1
| #define HAVE_SYS_TYPES_H 1
| #define HAVE_SYS_STAT_H 1
| #define HAVE_STDLIB_H 1
| #define HAVE_STRING_H 1
| #define HAVE_MEMORY_H 1
| #define HAVE_STRINGS_H 1
| #define HAVE_INTTYPES_H 1
| #define HAVE_STDINT_H 1
| #define HAVE_UNISTD_H 1
| #define HAVE_DLFCN_H 1
| #ifdef __cplusplus
| extern "C" void std::exit (int); using std::exit;
| #endif
| #define HAVE_DIRENT_H 1
| #define LTDL_SHLIB_EXT ".so"
| #define LTDL_SHLIBPATH_VAR "DYLD_LIBRARY_PATH"
| #define LTDL_SYSSEARCHPATH "/usr/local/lib:/lib:/usr/lib"
| #define LTDL_OBJDIR ".libs/"
| #define HAVE_PRELOADED_SYMBOLS 1
| #define HAVE_LIBDL 1
| #define HAVE_DLERROR 1
| #define error_t int
| #define HAVE_ASSERT_H 1
| #define HAVE_CTYPE_H 1
| #define HAVE_ERRNO_H 1
| /* end confdefs.h.  */
| #include <malloc.h>
configure:21846: result: no
configure:21881: checking for malloc.h
configure:21888: result: no
configure:21757: checking for memory.h
configure:21762: result: yes
configure:21757: checking for stdlib.h
configure:21762: result: yes
configure:21766: checking stdio.h usability
configure:21778: gcc -c -O3 -DNDEBUG   -D_REENTRANT conftest.c >&5
configure:21784: $? = 0
configure:21787: test -z 			 || test ! -s conftest.err
configure:21790: $? = 0
configure:21793: test -s conftest.o
configure:21796: $? = 0
configure:21806: result: yes
configure:21810: checking stdio.h presence
configure:21820: gcc -E  -D_REENTRANT conftest.c
configure:21826: $? = 0
configure:21846: result: yes
configure:21881: checking for stdio.h
configure:21888: result: yes
configure:21757: checking for unistd.h
configure:21762: result: yes
configure:21918: checking dl.h usability
configure:21930: gcc -c -O3 -DNDEBUG   -D_REENTRANT conftest.c >&5
conftest.c:73:16: error: dl.h: No such file or directory
configure:21936: $? = 1
configure: failed program was:
| /* confdefs.h.  */
| 
| #define PACKAGE_NAME "libltdl"
| #define PACKAGE_TARNAME "libltdl"
| #define PACKAGE_VERSION "1.2"
| #define PACKAGE_STRING "libltdl 1.2"
| #define PACKAGE_BUGREPORT "bug-libtool@gnu.org"
| #define STDC_HEADERS 1
| #define HAVE_SYS_TYPES_H 1
| #define HAVE_SYS_STAT_H 1
| #define HAVE_STDLIB_H 1
| #define HAVE_STRING_H 1
| #define HAVE_MEMORY_H 1
| #define HAVE_STRINGS_H 1
| #define HAVE_INTTYPES_H 1
| #define HAVE_STDINT_H 1
| #define HAVE_UNISTD_H 1
| #define HAVE_DLFCN_H 1
| #ifdef __cplusplus
| extern "C" void std::exit (int); using std::exit;
| #endif
| #define HAVE_DIRENT_H 1
| #define LTDL_SHLIB_EXT ".so"
| #define LTDL_SHLIBPATH_VAR "DYLD_LIBRARY_PATH"
| #define LTDL_SYSSEARCHPATH "/usr/local/lib:/lib:/usr/lib"
| #define LTDL_OBJDIR ".libs/"
| #define HAVE_PRELOADED_SYMBOLS 1
| #define HAVE_LIBDL 1
| #define HAVE_DLERROR 1
| #define error_t int
| #define HAVE_ASSERT_H 1
| #define HAVE_CTYPE_H 1
| #define HAVE_ERRNO_H 1
| #define HAVE_MEMORY_H 1
| #define HAVE_STDLIB_H 1
| #define HAVE_STDIO_H 1
| #define HAVE_UNISTD_H 1
| /* end confdefs.h.  */
| #include <stdio.h>
| #if HAVE_SYS_TYPES_H
| # include <sys/types.h>
| #endif
| #if HAVE_SYS_STAT_H
| # include <sys/stat.h>
| #endif
| #if STDC_HEADERS
| # include <stdlib.h>
| # include <stddef.h>
| #else
| # if HAVE_STDLIB_H
| #  include <stdlib.h>
| # endif
| #endif
| #if HAVE_STRING_H
| # if !STDC_HEADERS && HAVE_MEMORY_H
| #  include <memory.h>
| # endif
| # include <string.h>
| #endif
| #if HAVE_STRINGS_H
| # include <strings.h>
| #endif
| #if HAVE_INTTYPES_H
| # include <inttypes.h>
| #else
| # if HAVE_STDINT_H
| #  include <stdint.h>
| # endif
| #endif
| #if HAVE_UNISTD_H
| # include <unistd.h>
| #endif
| #include <dl.h>
configure:21958: result: no
configure:21962: checking dl.h presence
configure:21972: gcc -E  -D_REENTRANT conftest.c
conftest.c:39:16: error: dl.h: No such file or directory
configure:21978: $? = 1
configure: failed program was:
| /* confdefs.h.  */
| 
| #define PACKAGE_NAME "libltdl"
| #define PACKAGE_TARNAME "libltdl"
| #define PACKAGE_VERSION "1.2"
| #define PACKAGE_STRING "libltdl 1.2"
| #define PACKAGE_BUGREPORT "bug-libtool@gnu.org"
| #define STDC_HEADERS 1
| #define HAVE_SYS_TYPES_H 1
| #define HAVE_SYS_STAT_H 1
| #define HAVE_STDLIB_H 1
| #define HAVE_STRING_H 1
| #define HAVE_MEMORY_H 1
| #define HAVE_STRINGS_H 1
| #define HAVE_INTTYPES_H 1
| #define HAVE_STDINT_H 1
| #define HAVE_UNISTD_H 1
| #define HAVE_DLFCN_H 1
| #ifdef __cplusplus
| extern "C" void std::exit (int); using std::exit;
| #endif
| #define HAVE_DIRENT_H 1
| #define LTDL_SHLIB_EXT ".so"
| #define LTDL_SHLIBPATH_VAR "DYLD_LIBRARY_PATH"
| #define LTDL_SYSSEARCHPATH "/usr/local/lib:/lib:/usr/lib"
| #define LTDL_OBJDIR ".libs/"
| #define HAVE_PRELOADED_SYMBOLS 1
| #define HAVE_LIBDL 1
| #define HAVE_DLERROR 1
| #define error_t int
| #define HAVE_ASSERT_H 1
| #define HAVE_CTYPE_H 1
| #define HAVE_ERRNO_H 1
| #define HAVE_MEMORY_H 1
| #define HAVE_STDLIB_H 1
| #define HAVE_STDIO_H 1
| #define HAVE_UNISTD_H 1
| /* end confdefs.h.  */
| #include <dl.h>
configure:21998: result: no
configure:22033: checking for dl.h
configure:22040: result: no
configure:21918: checking sys/dl.h usability
configure:21930: gcc -c -O3 -DNDEBUG   -D_REENTRANT conftest.c >&5
conftest.c:73:20: error: sys/dl.h: No such file or directory
configure:21936: $? = 1
configure: failed program was:
| /* confdefs.h.  */
| 
| #define PACKAGE_NAME "libltdl"
| #define PACKAGE_TARNAME "libltdl"
| #define PACKAGE_VERSION "1.2"
| #define PACKAGE_STRING "libltdl 1.2"
| #define PACKAGE_BUGREPORT "bug-libtool@gnu.org"
| #define STDC_HEADERS 1
| #define HAVE_SYS_TYPES_H 1
| #define HAVE_SYS_STAT_H 1
| #define HAVE_STDLIB_H 1
| #define HAVE_STRING_H 1
| #define HAVE_MEMORY_H 1
| #define HAVE_STRINGS_H 1
| #define HAVE_INTTYPES_H 1
| #define HAVE_STDINT_H 1
| #define HAVE_UNISTD_H 1
| #define HAVE_DLFCN_H 1
| #ifdef __cplusplus
| extern "C" void std::exit (int); using std::exit;
| #endif
| #define HAVE_DIRENT_H 1
| #define LTDL_SHLIB_EXT ".so"
| #define LTDL_SHLIBPATH_VAR "DYLD_LIBRARY_PATH"
| #define LTDL_SYSSEARCHPATH "/usr/local/lib:/lib:/usr/lib"
| #define LTDL_OBJDIR ".libs/"
| #define HAVE_PRELOADED_SYMBOLS 1
| #define HAVE_LIBDL 1
| #define HAVE_DLERROR 1
| #define error_t int
| #define HAVE_ASSERT_H 1
| #define HAVE_CTYPE_H 1
| #define HAVE_ERRNO_H 1
| #define HAVE_MEMORY_H 1
| #define HAVE_STDLIB_H 1
| #define HAVE_STDIO_H 1
| #define HAVE_UNISTD_H 1
| /* end confdefs.h.  */
| #include <stdio.h>
| #if HAVE_SYS_TYPES_H
| # include <sys/types.h>
| #endif
| #if HAVE_SYS_STAT_H
| # include <sys/stat.h>
| #endif
| #if STDC_HEADERS
| # include <stdlib.h>
| # include <stddef.h>
| #else
| # if HAVE_STDLIB_H
| #  include <stdlib.h>
| # endif
| #endif
| #if HAVE_STRING_H
| # if !STDC_HEADERS && HAVE_MEMORY_H
| #  include <memory.h>
| # endif
| # include <string.h>
| #endif
| #if HAVE_STRINGS_H
| # include <strings.h>
| #endif
| #if HAVE_INTTYPES_H
| # include <inttypes.h>
| #else
| # if HAVE_STDINT_H
| #  include <stdint.h>
| # endif
| #endif
| #if HAVE_UNISTD_H
| # include <unistd.h>
| #endif
| #include <sys/dl.h>
configure:21958: result: no
configure:21962: checking sys/dl.h presence
configure:21972: gcc -E  -D_REENTRANT conftest.c
conftest.c:39:20: error: sys/dl.h: No such file or directory
configure:21978: $? = 1
configure: failed program was:
| /* confdefs.h.  */
| 
| #define PACKAGE_NAME "libltdl"
| #define PACKAGE_TARNAME "libltdl"
| #define PACKAGE_VERSION "1.2"
| #define PACKAGE_STRING "libltdl 1.2"
| #define PACKAGE_BUGREPORT "bug-libtool@gnu.org"
| #define STDC_HEADERS 1
| #define HAVE_SYS_TYPES_H 1
| #define HAVE_SYS_STAT_H 1
| #define HAVE_STDLIB_H 1
| #define HAVE_STRING_H 1
| #define HAVE_MEMORY_H 1
| #define HAVE_STRINGS_H 1
| #define HAVE_INTTYPES_H 1
| #define HAVE_STDINT_H 1
| #define HAVE_UNISTD_H 1
| #define HAVE_DLFCN_H 1
| #ifdef __cplusplus
| extern "C" void std::exit (int); using std::exit;
| #endif
| #define HAVE_DIRENT_H 1
| #define LTDL_SHLIB_EXT ".so"
| #define LTDL_SHLIBPATH_VAR "DYLD_LIBRARY_PATH"
| #define LTDL_SYSSEARCHPATH "/usr/local/lib:/lib:/usr/lib"
| #define LTDL_OBJDIR ".libs/"
| #define HAVE_PRELOADED_SYMBOLS 1
| #define HAVE_LIBDL 1
| #define HAVE_DLERROR 1
| #define error_t int
| #define HAVE_ASSERT_H 1
| #define HAVE_CTYPE_H 1
| #define HAVE_ERRNO_H 1
| #define HAVE_MEMORY_H 1
| #define HAVE_STDLIB_H 1
| #define HAVE_STDIO_H 1
| #define HAVE_UNISTD_H 1
| /* end confdefs.h.  */
| #include <sys/dl.h>
configure:21998: result: no
configure:22033: checking for sys/dl.h
configure:22040: result: no
configure:21918: checking dld.h usability
configure:21930: gcc -c -O3 -DNDEBUG   -D_REENTRANT conftest.c >&5
conftest.c:73:17: error: dld.h: No such file or directory
configure:21936: $? = 1
configure: failed program was:
| /* confdefs.h.  */
| 
| #define PACKAGE_NAME "libltdl"
| #define PACKAGE_TARNAME "libltdl"
| #define PACKAGE_VERSION "1.2"
| #define PACKAGE_STRING "libltdl 1.2"
| #define PACKAGE_BUGREPORT "bug-libtool@gnu.org"
| #define STDC_HEADERS 1
| #define HAVE_SYS_TYPES_H 1
| #define HAVE_SYS_STAT_H 1
| #define HAVE_STDLIB_H 1
| #define HAVE_STRING_H 1
| #define HAVE_MEMORY_H 1
| #define HAVE_STRINGS_H 1
| #define HAVE_INTTYPES_H 1
| #define HAVE_STDINT_H 1
| #define HAVE_UNISTD_H 1
| #define HAVE_DLFCN_H 1
| #ifdef __cplusplus
| extern "C" void std::exit (int); using std::exit;
| #endif
| #define HAVE_DIRENT_H 1
| #define LTDL_SHLIB_EXT ".so"
| #define LTDL_SHLIBPATH_VAR "DYLD_LIBRARY_PATH"
| #define LTDL_SYSSEARCHPATH "/usr/local/lib:/lib:/usr/lib"
| #define LTDL_OBJDIR ".libs/"
| #define HAVE_PRELOADED_SYMBOLS 1
| #define HAVE_LIBDL 1
| #define HAVE_DLERROR 1
| #define error_t int
| #define HAVE_ASSERT_H 1
| #define HAVE_CTYPE_H 1
| #define HAVE_ERRNO_H 1
| #define HAVE_MEMORY_H 1
| #define HAVE_STDLIB_H 1
| #define HAVE_STDIO_H 1
| #define HAVE_UNISTD_H 1
| /* end confdefs.h.  */
| #include <stdio.h>
| #if HAVE_SYS_TYPES_H
| # include <sys/types.h>
| #endif
| #if HAVE_SYS_STAT_H
| # include <sys/stat.h>
| #endif
| #if STDC_HEADERS
| # include <stdlib.h>
| # include <stddef.h>
| #else
| # if HAVE_STDLIB_H
| #  include <stdlib.h>
| # endif
| #endif
| #if HAVE_STRING_H
| # if !STDC_HEADERS && HAVE_MEMORY_H
| #  include <memory.h>
| # endif
| # include <string.h>
| #endif
| #if HAVE_STRINGS_H
| # include <strings.h>
| #endif
| #if HAVE_INTTYPES_H
| # include <inttypes.h>
| #else
| # if HAVE_STDINT_H
| #  include <stdint.h>
| # endif
| #endif
| #if HAVE_UNISTD_H
| # include <unistd.h>
| #endif
| #include <dld.h>
configure:21958: result: no
configure:21962: checking dld.h presence
configure:21972: gcc -E  -D_REENTRANT conftest.c
conftest.c:39:17: error: dld.h: No such file or directory
configure:21978: $? = 1
configure: failed program was:
| /* confdefs.h.  */
| 
| #define PACKAGE_NAME "libltdl"
| #define PACKAGE_TARNAME "libltdl"
| #define PACKAGE_VERSION "1.2"
| #define PACKAGE_STRING "libltdl 1.2"
| #define PACKAGE_BUGREPORT "bug-libtool@gnu.org"
| #define STDC_HEADERS 1
| #define HAVE_SYS_TYPES_H 1
| #define HAVE_SYS_STAT_H 1
| #define HAVE_STDLIB_H 1
| #define HAVE_STRING_H 1
| #define HAVE_MEMORY_H 1
| #define HAVE_STRINGS_H 1
| #define HAVE_INTTYPES_H 1
| #define HAVE_STDINT_H 1
| #define HAVE_UNISTD_H 1
| #define HAVE_DLFCN_H 1
| #ifdef __cplusplus
| extern "C" void std::exit (int); using std::exit;
| #endif
| #define HAVE_DIRENT_H 1
| #define LTDL_SHLIB_EXT ".so"
| #define LTDL_SHLIBPATH_VAR "DYLD_LIBRARY_PATH"
| #define LTDL_SYSSEARCHPATH "/usr/local/lib:/lib:/usr/lib"
| #define LTDL_OBJDIR ".libs/"
| #define HAVE_PRELOADED_SYMBOLS 1
| #define HAVE_LIBDL 1
| #define HAVE_DLERROR 1
| #define error_t int
| #define HAVE_ASSERT_H 1
| #define HAVE_CTYPE_H 1
| #define HAVE_ERRNO_H 1
| #define HAVE_MEMORY_H 1
| #define HAVE_STDLIB_H 1
| #define HAVE_STDIO_H 1
| #define HAVE_UNISTD_H 1
| /* end confdefs.h.  */
| #include <dld.h>
configure:21998: result: no
configure:22033: checking for dld.h
configure:22040: result: no
configure:21918: checking mach-o/dyld.h usability
configure:21930: gcc -c -O3 -DNDEBUG   -D_REENTRANT conftest.c >&5
configure:21936: $? = 0
configure:21939: test -z 			 || test ! -s conftest.err
configure:21942: $? = 0
configure:21945: test -s conftest.o
configure:21948: $? = 0
configure:21958: result: yes
configure:21962: checking mach-o/dyld.h presence
configure:21972: gcc -E  -D_REENTRANT conftest.c
configure:21978: $? = 0
configure:21998: result: yes
configure:22033: checking for mach-o/dyld.h
configure:22040: result: yes
configure:22059: checking for string.h
configure:22064: result: yes
configure:22209: checking for strchr
configure:22266: gcc -o conftest -O3 -DNDEBUG   -D_REENTRANT   conftest.c -lm   >&5
conftest.c:65: warning: conflicting types for built-in function 'strchr'
configure:22272: $? = 0
configure:22275: test -z 			 || test ! -s conftest.err
configure:22278: $? = 0
configure:22281: test -s conftest
configure:22284: $? = 0
configure:22296: result: yes
configure:22311: checking for strrchr
configure:22368: gcc -o conftest -O3 -DNDEBUG   -D_REENTRANT   conftest.c -lm   >&5
conftest.c:66: warning: conflicting types for built-in function 'strrchr'
configure:22374: $? = 0
configure:22377: test -z 			 || test ! -s conftest.err
configure:22380: $? = 0
configure:22383: test -s conftest
configure:22386: $? = 0
configure:22398: result: yes
configure:22413: checking for memcpy
configure:22470: gcc -o conftest -O3 -DNDEBUG   -D_REENTRANT   conftest.c -lm   >&5
conftest.c:67: warning: conflicting types for built-in function 'memcpy'
configure:22476: $? = 0
configure:22479: test -z 			 || test ! -s conftest.err
configure:22482: $? = 0
configure:22485: test -s conftest
configure:22488: $? = 0
configure:22500: result: yes
configure:22515: checking for memmove
configure:22572: gcc -o conftest -O3 -DNDEBUG   -D_REENTRANT   conftest.c -lm   >&5
conftest.c:68: warning: conflicting types for built-in function 'memmove'
configure:22578: $? = 0
configure:22581: test -z 			 || test ! -s conftest.err
configure:22584: $? = 0
configure:22587: test -s conftest
configure:22590: $? = 0
configure:22602: result: yes
configure:22515: checking for strcmp
configure:22572: gcc -o conftest -O3 -DNDEBUG   -D_REENTRANT   conftest.c -lm   >&5
conftest.c:69: warning: conflicting types for built-in function 'strcmp'
configure:22578: $? = 0
configure:22581: test -z 			 || test ! -s conftest.err
configure:22584: $? = 0
configure:22587: test -s conftest
configure:22590: $? = 0
configure:22602: result: yes
configure:22618: checking for closedir
configure:22675: gcc -o conftest -O3 -DNDEBUG   -D_REENTRANT   conftest.c -lm   >&5
configure:22681: $? = 0
configure:22684: test -z 			 || test ! -s conftest.err
configure:22687: $? = 0
configure:22690: test -s conftest
configure:22693: $? = 0
configure:22705: result: yes
configure:22618: checking for opendir
configure:22675: gcc -o conftest -O3 -DNDEBUG   -D_REENTRANT   conftest.c -lm   >&5
configure:22681: $? = 0
configure:22684: test -z 			 || test ! -s conftest.err
configure:22687: $? = 0
configure:22690: test -s conftest
configure:22693: $? = 0
configure:22705: result: yes
configure:22618: checking for readdir
configure:22675: gcc -o conftest -O3 -DNDEBUG   -D_REENTRANT   conftest.c -lm   >&5
configure:22681: $? = 0
configure:22684: test -z 			 || test ! -s conftest.err
configure:22687: $? = 0
configure:22690: test -s conftest
configure:22693: $? = 0
configure:22705: result: yes
configure:22853: creating ./config.status

## ---------------------- ##
## Running config.status. ##
## ---------------------- ##

This file was extended by libltdl config.status 1.2, which was
generated by GNU Autoconf 2.59.  Invocation command line was

  CONFIG_FILES    = 
  CONFIG_HEADERS  = 
  CONFIG_LINKS    = 
  CONFIG_COMMANDS = 
  $ ./config.status 

on wsip-24-248-127-173.lu.dl.cox.net

config.status:765: creating Makefile
config.status:831: creating config.h
config.status:1185: executing depfiles commands

## ---------------- ##
## Cache variables. ##
## ---------------- ##

ac_cv_build=powerpc-apple-darwin8.3.0
ac_cv_build_alias=powerpc-apple-darwin8.3.0
ac_cv_c_compiler_gnu=yes
ac_cv_c_const=yes
ac_cv_c_inline=inline
ac_cv_cxx_compiler_gnu=yes
ac_cv_env_CC_set=
ac_cv_env_CC_value=
ac_cv_env_CFLAGS_set=set
ac_cv_env_CFLAGS_value='-O3 -DNDEBUG '
ac_cv_env_CPPFLAGS_set=set
ac_cv_env_CPPFLAGS_value=' -D_REENTRANT'
ac_cv_env_CPP_set=
ac_cv_env_CPP_value=
ac_cv_env_CXXCPP_set=
ac_cv_env_CXXCPP_value=
ac_cv_env_CXXFLAGS_set=set
ac_cv_env_CXXFLAGS_value='-O3 -DNDEBUG -finline-functions '
ac_cv_env_CXX_set=
ac_cv_env_CXX_value=
ac_cv_env_F77_set=
ac_cv_env_F77_value=
ac_cv_env_FFLAGS_set=set
ac_cv_env_FFLAGS_value=
ac_cv_env_LDFLAGS_set=set
ac_cv_env_LDFLAGS_value=' '
ac_cv_env_build_alias_set=
ac_cv_env_build_alias_value=
ac_cv_env_host_alias_set=
ac_cv_env_host_alias_value=
ac_cv_env_target_alias_set=
ac_cv_env_target_alias_value=
ac_cv_exeext=
ac_cv_f77_compiler_gnu=no
ac_cv_func_argz_append=no
ac_cv_func_argz_create_sep=no
ac_cv_func_argz_insert=no
ac_cv_func_argz_next=no
ac_cv_func_argz_stringify=no
ac_cv_func_closedir=yes
ac_cv_func_dlerror=yes
ac_cv_func_memcpy=yes
ac_cv_func_memmove=yes
ac_cv_func_opendir=yes
ac_cv_func_readdir=yes
ac_cv_func_shl_load=no
ac_cv_func_strchr=yes
ac_cv_func_strcmp=yes
ac_cv_func_strrchr=yes
ac_cv_header_argz_h=no
ac_cv_header_assert_h=yes
ac_cv_header_ctype_h=yes
ac_cv_header_dirent_dirent_h=yes
ac_cv_header_dl_h=no
ac_cv_header_dld_h=no
ac_cv_header_dlfcn_h=yes
ac_cv_header_errno_h=yes
ac_cv_header_inttypes_h=yes
ac_cv_header_mach_o_dyld_h=yes
ac_cv_header_malloc_h=no
ac_cv_header_memory_h=yes
ac_cv_header_stdc=yes
ac_cv_header_stdint_h=yes
ac_cv_header_stdio_h=yes
ac_cv_header_stdlib_h=yes
ac_cv_header_string_h=yes
ac_cv_header_strings_h=yes
ac_cv_header_sys_dl_h=no
ac_cv_header_sys_stat_h=yes
ac_cv_header_sys_types_h=yes
ac_cv_header_unistd_h=yes
ac_cv_host=powerpc-apple-darwin8.3.0
ac_cv_host_alias=powerpc-apple-darwin8.3.0
ac_cv_lib_dl_dlopen=yes
ac_cv_lib_dld_shl_load=no
ac_cv_objext=o
ac_cv_path_install='/usr/bin/install -c'
ac_cv_prog_AWK=awk
ac_cv_prog_CPP='gcc -E'
ac_cv_prog_CXXCPP='g++ -E'
ac_cv_prog_ac_ct_AR=ar
ac_cv_prog_ac_ct_CC=gcc
ac_cv_prog_ac_ct_CXX=g++
ac_cv_prog_ac_ct_RANLIB=ranlib
ac_cv_prog_ac_ct_STRIP=strip
ac_cv_prog_cc_g=yes
ac_cv_prog_cc_stdc=
ac_cv_prog_cxx_g=yes
ac_cv_prog_egrep='grep -E'
ac_cv_prog_f77_g=no
ac_cv_prog_make_make_set=yes
ac_cv_search_opendir='none required'
ac_cv_sys_symbol_underscore=yes
ac_cv_type_error_t=no
am_cv_CC_dependencies_compiler_type=none
am_cv_CXX_dependencies_compiler_type=none
libltdl_cv_lib_dl_dlopen=yes
libltdl_cv_need_uscore=no
libltdl_cv_objdir=.libs
libltdl_cv_preloaded_symbols=yes
libltdl_cv_shlibext=.so
libltdl_cv_shlibpath_var=DYLD_LIBRARY_PATH
libltdl_cv_sys_dlopen_deplibs=yes
libltdl_cv_sys_search_path='/usr/local/lib /lib /usr/lib'
lt_cv_deplibs_check_method=pass_all
lt_cv_file_magic_cmd='$MAGIC_CMD'
lt_cv_file_magic_test_file=
lt_cv_ld_reload_flag=-r
lt_cv_objdir=.libs
lt_cv_path_LD=/usr/bin/ld
lt_cv_path_LDCXX=/usr/bin/ld
lt_cv_path_NM='/usr/bin/nm -p'
lt_cv_path_SED=/usr/bin/sed
lt_cv_prog_compiler_c_o=yes
lt_cv_prog_compiler_c_o_CXX=yes
lt_cv_prog_compiler_rtti_exceptions=no
lt_cv_prog_gnu_ld=no
lt_cv_prog_gnu_ldcxx=no
lt_cv_sys_global_symbol_pipe='sed -n -e '\''s/^.*[ 	]\([BCDEGRST][BCDEGRST]*\)[ 	][ 	]*_\([_A-Za-z][_A-Za-z0-9]*\)$/\1 _\2 \2/p'\'''
lt_cv_sys_global_symbol_to_c_name_address='sed -n -e '\''s/^: \([^ ]*\) $/  {\"\1\", (lt_ptr) 0},/p'\'' -e '\''s/^[BCDEGRST] \([^ ]*\) \([^ ]*\)$/  {"\2", (lt_ptr) \&\2},/p'\'''
lt_cv_sys_global_symbol_to_cdecl='sed -n -e '\''s/^. .* \(.*\)$/extern int \1;/p'\'''
lt_cv_sys_max_cmd_len=196608
lt_lt_cv_prog_compiler_c_o='"yes"'
lt_lt_cv_prog_compiler_c_o_CXX='"yes"'
lt_lt_cv_sys_global_symbol_pipe='"sed -n -e '\''s/^.*[ 	]\\([BCDEGRST][BCDEGRST]*\\)[ 	][ 	]*_\\([_A-Za-z][_A-Za-z0-9]*\\)\$/\\1 _\\2 \\2/p'\''"'
lt_lt_cv_sys_global_symbol_to_c_name_address='"sed -n -e '\''s/^: \\([^ ]*\\) \$/  {\\\"\\1\\\", (lt_ptr) 0},/p'\'' -e '\''s/^[BCDEGRST] \\([^ ]*\\) \\([^ ]*\\)\$/  {\"\\2\", (lt_ptr) \\&\\2},/p'\''"'
lt_lt_cv_sys_global_symbol_to_cdecl='"sed -n -e '\''s/^. .* \\(.*\\)\$/extern int \\1;/p'\''"'

## ----------------- ##
## Output variables. ##
## ----------------- ##

ACLOCAL='${SHELL} /Network/Servers/wsip-24-248-127-173.lu.dl.cox.net/Volumes/tiger/home/dabeatty/Desktop/courses/grid-math/openmpi-1.0.1/opal/libltdl/missing --run aclocal-1.9'
AMDEPBACKSLASH='\'
AMDEP_FALSE='#'
AMDEP_TRUE=''
AMTAR='${SHELL} /Network/Servers/wsip-24-248-127-173.lu.dl.cox.net/Volumes/tiger/home/dabeatty/Desktop/courses/grid-math/openmpi-1.0.1/opal/libltdl/missing --run tar'
AR='ar'
AS='as'
AUTOCONF='${SHELL} /Network/Servers/wsip-24-248-127-173.lu.dl.cox.net/Volumes/tiger/home/dabeatty/Desktop/courses/grid-math/openmpi-1.0.1/opal/libltdl/missing --run autoconf'
AUTOHEADER='${SHELL} /Network/Servers/wsip-24-248-127-173.lu.dl.cox.net/Volumes/tiger/home/dabeatty/Desktop/courses/grid-math/openmpi-1.0.1/opal/libltdl/missing --run autoheader'
AUTOMAKE='${SHELL} /Network/Servers/wsip-24-248-127-173.lu.dl.cox.net/Volumes/tiger/home/dabeatty/Desktop/courses/grid-math/openmpi-1.0.1/opal/libltdl/missing --run automake-1.9'
AWK='awk'
CC='gcc'
CCDEPMODE='depmode=none'
CFLAGS='-O3 -DNDEBUG '
CONVENIENCE_LTDL_FALSE='#'
CONVENIENCE_LTDL_TRUE=''
CPP='gcc -E'
CPPFLAGS=' -D_REENTRANT'
CXX='g++'
CXXCPP='g++ -E'
CXXDEPMODE='depmode=none'
CXXFLAGS='-O3 -DNDEBUG -finline-functions '
CYGPATH_W='echo'
DEFS='-DHAVE_CONFIG_H'
DEPDIR='.deps'
DLLTOOL='dlltool'
ECHO='echo'
ECHO_C=''
ECHO_N='-n'
ECHO_T=''
EGREP='grep -E'
EXEEXT=''
F77=''
FFLAGS=''
INSTALL_DATA='${INSTALL} -m 644'
INSTALL_LTDL_FALSE=''
INSTALL_LTDL_TRUE='#'
INSTALL_PROGRAM='${INSTALL}'
INSTALL_SCRIPT='${INSTALL}'
INSTALL_STRIP_PROGRAM='${SHELL} $(install_sh) -c -s'
LDFLAGS=' '
LIBADD_DL='-ldl'
LIBOBJS=''
LIBS='-lm  '
LIBTOOL='$(SHELL) $(top_builddir)/libtool'
LIBTOOL_DEPS='./ltmain.sh'
LN_S='ln -s'
LTLIBOBJS=''
MAKEINFO='${SHELL} /Network/Servers/wsip-24-248-127-173.lu.dl.cox.net/Volumes/tiger/home/dabeatty/Desktop/courses/grid-math/openmpi-1.0.1/opal/libltdl/missing --run makeinfo'
OBJDUMP='objdump'
OBJEXT='o'
PACKAGE='libltdl'
PACKAGE_BUGREPORT='bug-libtool@gnu.org'
PACKAGE_NAME='libltdl'
PACKAGE_STRING='libltdl 1.2'
PACKAGE_TARNAME='libltdl'
PACKAGE_VERSION='1.2'
PATH_SEPARATOR=':'
RANLIB='ranlib'
SET_MAKE=''
SHELL='/bin/sh'
STRIP='strip'
VERSION='1.2'
ac_ct_AR='ar'
ac_ct_AS=''
ac_ct_CC='gcc'
ac_ct_CXX='g++'
ac_ct_DLLTOOL=''
ac_ct_F77=''
ac_ct_OBJDUMP=''
ac_ct_RANLIB='ranlib'
ac_ct_STRIP='strip'
am__fastdepCC_FALSE=''
am__fastdepCC_TRUE='#'
am__fastdepCXX_FALSE=''
am__fastdepCXX_TRUE='#'
am__include='include'
am__leading_dot='.'
am__quote=''
am__tar='${AMTAR} chof - "$$tardir"'
am__untar='${AMTAR} xf -'
bindir='${exec_prefix}/bin'
build='powerpc-apple-darwin8.3.0'
build_alias=''
build_cpu='powerpc'
build_os='darwin8.3.0'
build_vendor='apple'
datadir='${prefix}/share'
exec_prefix='${prefix}'
host='powerpc-apple-darwin8.3.0'
host_alias=''
host_cpu='powerpc'
host_os='darwin8.3.0'
host_vendor='apple'
includedir='${prefix}/include'
infodir='${prefix}/info'
install_sh='/Network/Servers/wsip-24-248-127-173.lu.dl.cox.net/Volumes/tiger/home/dabeatty/Desktop/courses/grid-math/openmpi-1.0.1/opal/libltdl/install-sh'
libdir='${exec_prefix}/lib'
libexecdir='${exec_prefix}/libexec'
localstatedir='${prefix}/var'
mandir='${prefix}/man'
mkdir_p='$(install_sh) -d'
oldincludedir='/usr/include'
prefix='/usr/local'
program_transform_name='s,x,x,'
sbindir='${exec_prefix}/sbin'
sharedstatedir='${prefix}/com'
sysconfdir='${prefix}/etc'
target_alias=''

## ----------- ##
## confdefs.h. ##
## ----------- ##

#define HAVE_ASSERT_H 1
#define HAVE_CLOSEDIR 1
#define HAVE_CTYPE_H 1
#define HAVE_DIRENT_H 1
#define HAVE_DLERROR 1
#define HAVE_DLFCN_H 1
#define HAVE_ERRNO_H 1
#define HAVE_INTTYPES_H 1
#define HAVE_LIBDL 1
#define HAVE_MACH_O_DYLD_H 1
#define HAVE_MEMCPY 1
#define HAVE_MEMMOVE 1
#define HAVE_MEMORY_H 1
#define HAVE_MEMORY_H 1
#define HAVE_OPENDIR 1
#define HAVE_PRELOADED_SYMBOLS 1
#define HAVE_READDIR 1
#define HAVE_STDINT_H 1
#define HAVE_STDIO_H 1
#define HAVE_STDLIB_H 1
#define HAVE_STDLIB_H 1
#define HAVE_STRCHR 1
#define HAVE_STRCMP 1
#define HAVE_STRINGS_H 1
#define HAVE_STRING_H 1
#define HAVE_STRING_H 1
#define HAVE_STRRCHR 1
#define HAVE_SYS_STAT_H 1
#define HAVE_SYS_TYPES_H 1
#define HAVE_UNISTD_H 1
#define HAVE_UNISTD_H 1
#define LTDL_OBJDIR ".libs/"
#define LTDL_SHLIBPATH_VAR "DYLD_LIBRARY_PATH"
#define LTDL_SHLIB_EXT ".so"
#define LTDL_SYSSEARCHPATH "/usr/local/lib:/lib:/usr/lib"
#define PACKAGE_BUGREPORT "bug-libtool@gnu.org"
#define PACKAGE_NAME "libltdl"
#define PACKAGE_STRING "libltdl 1.2"
#define PACKAGE_TARNAME "libltdl"
#define PACKAGE_VERSION "1.2"
#define STDC_HEADERS 1
#define error_t int
#endif
#ifdef __cplusplus
extern "C" void std::exit (int); using std::exit;

configure: exit 0
