
## ---------------------- ##
## Running config.status. ##
## ---------------------- ##

This file was extended by config.status, which was
generated by GNU Autoconf 2.59.  Invocation command line was

  CONFIG_FILES    = 
  CONFIG_HEADERS  = 
  CONFIG_LINKS    = 
  CONFIG_COMMANDS = 
  $ ./config.status 

on wsip-24-248-127-173.lu.dl.cox.net

config.status:810: creating Makefile
config.status:810: creating adio/Makefile
config.status:810: creating adio/ad_nfs/Makefile
config.status:810: creating adio/ad_ufs/Makefile
config.status:810: creating adio/ad_xfs/Makefile
config.status:810: creating adio/ad_hfs/Makefile
config.status:810: creating adio/ad_sfs/Makefile
config.status:810: creating adio/ad_pfs/Makefile
config.status:810: creating adio/ad_ntfs/Makefile
config.status:810: creating adio/ad_testfs/Makefile
config.status:810: creating adio/ad_pvfs/Makefile
config.status:810: creating adio/ad_piofs/Makefile
config.status:810: creating adio/common/Makefile
config.status:810: creating adio/include/Makefile
config.status:810: creating doc/Makefile
config.status:810: creating include/Makefile
config.status:810: creating include/mpio.h
config.status:810: creating include/mpiof.h
config.status:810: creating mpi-io/Makefile
config.status:810: creating test/Makefile
config.status:810: creating test/misc.c
config.status:810: creating test/large_file.c
config.status:810: creating test/runtests
config.status:810: creating util/Makefile
config.status:907: creating adio/include/romioconf.h
config.status:1215: executing depfiles commands

## ---------------- ##
## Cache variables. ##
## ---------------- ##

ac_cv_build=powerpc-apple-darwin8.3.0
ac_cv_build_alias=powerpc-apple-darwin8.3.0
ac_cv_c_compiler_gnu=yes
ac_cv_cxx_compiler_gnu=yes
ac_cv_env_CC_set=
ac_cv_env_CC_value=
ac_cv_env_CFLAGS_set=set
ac_cv_env_CFLAGS_value='-O3 -DNDEBUG -fno-strict-aliasing '
ac_cv_env_CPPFLAGS_set=set
ac_cv_env_CPPFLAGS_value=' -D_REENTRANT'
ac_cv_env_CPP_set=
ac_cv_env_CPP_value=
ac_cv_env_CXXCPP_set=
ac_cv_env_CXXCPP_value=
ac_cv_env_CXXFLAGS_set=set
ac_cv_env_CXXFLAGS_value='-O3 -DNDEBUG -finline-functions '
ac_cv_env_CXX_set=
ac_cv_env_CXX_value=
ac_cv_env_F77_set=
ac_cv_env_F77_value=
ac_cv_env_FFLAGS_set=set
ac_cv_env_FFLAGS_value=
ac_cv_env_LDFLAGS_set=set
ac_cv_env_LDFLAGS_value=
ac_cv_env_build_alias_set=
ac_cv_env_build_alias_value=
ac_cv_env_host_alias_set=
ac_cv_env_host_alias_value=
ac_cv_env_target_alias_set=
ac_cv_env_target_alias_value=
ac_cv_exeext=
ac_cv_f77_compiler_gnu=no
ac_cv_func_memalign=no
ac_cv_header_UNISTD_H=yes
ac_cv_header_dlfcn_h=yes
ac_cv_header_inttypes_h=yes
ac_cv_header_memory_h=yes
ac_cv_header_stdc=yes
ac_cv_header_stdint_h=yes
ac_cv_header_stdio_h=yes
ac_cv_header_stdlib_h=yes
ac_cv_header_string_h=yes
ac_cv_header_strings_h=yes
ac_cv_header_sys_stat_h=yes
ac_cv_header_sys_types_h=yes
ac_cv_header_unistd_h=yes
ac_cv_host=powerpc-apple-darwin8.3.0
ac_cv_host_alias=powerpc-apple-darwin8.3.0
ac_cv_objext=o
ac_cv_path_install='/usr/bin/install -c'
ac_cv_prog_AWK=awk
ac_cv_prog_CPP='gcc -E'
ac_cv_prog_CXXCPP='g++ -E'
ac_cv_prog_ac_ct_AR=ar
ac_cv_prog_ac_ct_CC=gcc
ac_cv_prog_ac_ct_CXX=g++
ac_cv_prog_ac_ct_RANLIB=ranlib
ac_cv_prog_ac_ct_STRIP=strip
ac_cv_prog_cc_g=yes
ac_cv_prog_cc_stdc=
ac_cv_prog_cxx_g=yes
ac_cv_prog_egrep='grep -E'
ac_cv_prog_f77_g=no
ac_cv_prog_make_make_set=yes
am_cv_CC_dependencies_compiler_type=gcc3
am_cv_CXX_dependencies_compiler_type=gcc3
lt_cv_deplibs_check_method=pass_all
lt_cv_file_magic_cmd='$MAGIC_CMD'
lt_cv_file_magic_test_file=
lt_cv_ld_reload_flag=-r
lt_cv_objdir=.libs
lt_cv_path_LD=/usr/bin/ld
lt_cv_path_LDCXX=/usr/bin/ld
lt_cv_path_NM='/usr/bin/nm -p'
lt_cv_path_SED=/usr/bin/sed
lt_cv_prog_compiler_c_o=yes
lt_cv_prog_compiler_c_o_CXX=yes
lt_cv_prog_compiler_c_o_F77=no
lt_cv_prog_compiler_rtti_exceptions=no
lt_cv_prog_gnu_ld=no
lt_cv_prog_gnu_ldcxx=no
lt_cv_sys_global_symbol_pipe='sed -n -e '\''s/^.*[ 	]\([BCDEGRST][BCDEGRST]*\)[ 	][ 	]*_\([_A-Za-z][_A-Za-z0-9]*\)$/\1 _\2 \2/p'\'''
lt_cv_sys_global_symbol_to_c_name_address='sed -n -e '\''s/^: \([^ ]*\) $/  {\"\1\", (lt_ptr) 0},/p'\'' -e '\''s/^[BCDEGRST] \([^ ]*\) \([^ ]*\)$/  {"\2", (lt_ptr) \&\2},/p'\'''
lt_cv_sys_global_symbol_to_cdecl='sed -n -e '\''s/^. .* \(.*\)$/extern int \1;/p'\'''
lt_cv_sys_max_cmd_len=196608
lt_lt_cv_prog_compiler_c_o='"yes"'
lt_lt_cv_prog_compiler_c_o_CXX='"yes"'
lt_lt_cv_prog_compiler_c_o_F77='"no"'
lt_lt_cv_sys_global_symbol_pipe='"sed -n -e '\''s/^.*[ 	]\\([BCDEGRST][BCDEGRST]*\\)[ 	][ 	]*_\\([_A-Za-z][_A-Za-z0-9]*\\)\$/\\1 _\\2 \\2/p'\''"'
lt_lt_cv_sys_global_symbol_to_c_name_address='"sed -n -e '\''s/^: \\([^ ]*\\) \$/  {\\\"\\1\\\", (lt_ptr) 0},/p'\'' -e '\''s/^[BCDEGRST] \\([^ ]*\\) \\([^ ]*\\)\$/  {\"\\2\", (lt_ptr) \\&\\2},/p'\''"'
lt_lt_cv_sys_global_symbol_to_cdecl='"sed -n -e '\''s/^. .* \\(.*\\)\$/extern int \\1;/p'\''"'

## ----------------- ##
## Output variables. ##
## ----------------- ##

ACLOCAL='${SHELL} /Network/Servers/wsip-24-248-127-173.lu.dl.cox.net/Volumes/tiger/home/dabeatty/Desktop/courses/grid-math/openmpi-1.0.1/ompi/mca/io/romio/romio/missing --run aclocal-1.9'
AMDEPBACKSLASH='\'
AMDEP_FALSE='#'
AMDEP_TRUE=''
AMTAR='${SHELL} /Network/Servers/wsip-24-248-127-173.lu.dl.cox.net/Volumes/tiger/home/dabeatty/Desktop/courses/grid-math/openmpi-1.0.1/ompi/mca/io/romio/romio/missing --run tar'
AR='ar'
ARCH='freebsd'
AUTOCONF='${SHELL} /Network/Servers/wsip-24-248-127-173.lu.dl.cox.net/Volumes/tiger/home/dabeatty/Desktop/courses/grid-math/openmpi-1.0.1/ompi/mca/io/romio/romio/missing --run autoconf'
AUTOHEADER='${SHELL} /Network/Servers/wsip-24-248-127-173.lu.dl.cox.net/Volumes/tiger/home/dabeatty/Desktop/courses/grid-math/openmpi-1.0.1/ompi/mca/io/romio/romio/missing --run autoheader'
AUTOMAKE='${SHELL} /Network/Servers/wsip-24-248-127-173.lu.dl.cox.net/Volumes/tiger/home/dabeatty/Desktop/courses/grid-math/openmpi-1.0.1/ompi/mca/io/romio/romio/missing --run automake-1.9'
AWK='awk'
BITS='0'
BUILD_HFS_FALSE=''
BUILD_HFS_TRUE='#'
BUILD_MPI_ARRAY=''
BUILD_MPI_INFO=''
BUILD_NFS_FALSE='#'
BUILD_NFS_TRUE=''
BUILD_PFS_FALSE=''
BUILD_PFS_TRUE='#'
BUILD_PIOFS_FALSE=''
BUILD_PIOFS_TRUE='#'
BUILD_PVFS_FALSE=''
BUILD_PVFS_TRUE='#'
BUILD_SFS_FALSE=''
BUILD_SFS_TRUE='#'
BUILD_TESTFS_FALSE=''
BUILD_TESTFS_TRUE='#'
BUILD_UFS_FALSE='#'
BUILD_UFS_TRUE=''
BUILD_XFS_FALSE=''
BUILD_XFS_TRUE='#'
CC='gcc'
CCDEPMODE='depmode=gcc3'
CFLAGS='-O3 -DNDEBUG -fno-strict-aliasing  -DHAVE_ROMIOCONF_H -I$(top_srcdir)/include -I$(top_srcdir) -I$(top_builddir) -I$(top_srcdir)/opal -I$(top_builddir)/opal -I$(top_srcdir)/orte -I$(top_builddir)/orte -I$(top_srcdir)/ompi -I$(top_builddir)/ompi  -D_REENTRANT -I$(top_builddir)/include'
CPP='gcc -E'
CPPFLAGS=' -D_REENTRANT'
CXX='g++'
CXXCPP='g++ -E'
CXXDEPMODE='depmode=gcc3'
CXXFLAGS='-O3 -DNDEBUG -finline-functions '
CYGPATH_W='echo'
DEFINE_MPI_OFFSET='typedef long MPI_Offset;'
DEFS='-DHAVE_CONFIG_H'
DEPDIR='.deps'
ECHO='echo'
ECHO_C=''
ECHO_N='-n'
ECHO_T=''
EGREP='grep -E'
EXEEXT=''
F77=':'
F77GETARG='call getarg(i,str)'
F77IARGC='iargc()'
FFLAGS=''
FILE_SYSTEM='ufs nfs'
FORTRAN_MPI_OFFSET='integer'
FORTRAN_TEST=''
FROM_MPICH='1'
FTESTDEFINE=''
HAVE_MPI_DARRAY_SUBARRAY='#define HAVE_MPI_DARRAY_SUBARRAY'
HAVE_MPI_INFO='#define HAVE_MPI_INFO'
HAVE_WEAK_SYMBOLS='0'
INSTALL_DATA='${INSTALL} -m 644'
INSTALL_PROGRAM='${INSTALL}'
INSTALL_SCRIPT='${INSTALL}'
INSTALL_STRIP_PROGRAM='${SHELL} $(install_sh) -c -s'
LDFLAGS=''
LIBNAME='/Network/Servers/wsip-24-248-127-173.lu.dl.cox.net/Volumes/tiger/home/dabeatty/Desktop/courses/grid-math/openmpi-1.0.1/ompi/mca/io/romio/romio/lib/freebsd/libmpio.a'
LIBOBJS=''
LIBS='-lm  '
LIBTOOL='$(SHELL) $(top_builddir)/libtool'
LL='\%ld'
LN_S='ln -s'
LTLIBOBJS=''
MAKEINFO='${SHELL} /Network/Servers/wsip-24-248-127-173.lu.dl.cox.net/Volumes/tiger/home/dabeatty/Desktop/courses/grid-math/openmpi-1.0.1/ompi/mca/io/romio/romio/missing --run makeinfo'
MIPS='0'
MPI='open_mpi'
MPIRUN='mpirun'
MPI_FARRAY1='!'
MPI_FARRAY2='!'
MPI_FARRAY3='!'
MPI_FARRAY4='!'
MPI_FARRAY5='!'
MPI_FARRAY6='!'
MPI_FARRAY7='!'
MPI_FINFO1='!'
MPI_FINFO2='!'
MPI_FINFO3='!'
MPI_FINFO4='!'
MPI_INCLUDE_DIR=''
MPI_LIB=''
MPI_OFFSET_KIND1='!'
MPI_OFFSET_KIND2='!'
NEEDS_MPI_FINT=''
NOF77='1'
NOPROFILE='1'
OBJEXT='o'
PACKAGE='io-romio'
PACKAGE_BUGREPORT=''
PACKAGE_NAME=''
PACKAGE_STRING=''
PACKAGE_TARNAME=''
PACKAGE_VERSION=''
PATH_SEPARATOR=':'
PREFIX=''
RANLIB='ranlib'
ROMIO_HOME='/Network/Servers/wsip-24-248-127-173.lu.dl.cox.net/Volumes/tiger/home/dabeatty/Desktop/courses/grid-math/openmpi-1.0.1/ompi/mca/io/romio/romio'
ROMIO_INCLUDE=''
ROMIO_LFLAGS=''
ROMIO_LIBLIST=''
ROMIO_TCFLAGS=''
ROMIO_TCPPFLAGS=''
ROMIO_TFFLAGS=''
SET_MAKE=''
SHELL='/bin/sh'
STRIP='strip'
TEST_CC='mpicc'
TEST_F77='mpif77'
TEST_LIBNAME=''
USER_CFLAGS=''
USER_FFLAGS=''
VERSION='1.0.0'
ac_ct_AR='ar'
ac_ct_CC='gcc'
ac_ct_CXX='g++'
ac_ct_F77=''
ac_ct_RANLIB='ranlib'
ac_ct_STRIP='strip'
am__fastdepCC_FALSE='#'
am__fastdepCC_TRUE=''
am__fastdepCXX_FALSE='#'
am__fastdepCXX_TRUE=''
am__include='include'
am__leading_dot='.'
am__quote=''
am__tar='${AMTAR} chof - "$$tardir"'
am__untar='${AMTAR} xf -'
arch_IRIX=''
bindir='${exec_prefix}/bin'
build='powerpc-apple-darwin8.3.0'
build_alias=''
build_cpu='powerpc'
build_os='darwin8.3.0'
build_vendor='apple'
datadir='${prefix}/share'
exec_prefix='${prefix}'
host='powerpc-apple-darwin8.3.0'
host_alias=''
host_cpu='powerpc'
host_os='darwin8.3.0'
host_vendor='apple'
includedir='${prefix}/include'
infodir='${prefix}/info'
install_sh='/Network/Servers/wsip-24-248-127-173.lu.dl.cox.net/Volumes/tiger/home/dabeatty/Desktop/courses/grid-math/openmpi-1.0.1/ompi/mca/io/romio/romio/install-sh'
libdir='${exec_prefix}/lib'
libexecdir='${exec_prefix}/libexec'
localstatedir='${prefix}/var'
mandir='${prefix}/man'
mkdir_p='$(install_sh) -d'
oldincludedir='/usr/include'
prefix='/usr/local'
program_transform_name='s,x,x,'
sbindir='${exec_prefix}/sbin'
sharedstatedir='${prefix}/com'
srcdir='/Network/Servers/wsip-24-248-127-173.lu.dl.cox.net/Volumes/tiger/home/dabeatty/Desktop/courses/grid-math/openmpi-1.0.1/ompi/mca/io/romio/romio'
sysconfdir='${prefix}/etc'
target_alias=''
top_ompi_builddir='$(top_builddir)/../../../../..'
top_ompi_srcdir='$(top_srcdir)/../../../../..'

## ----------- ##
## confdefs.h. ##
## ----------- ##

#define $ac_tr_hdr 1
#define FREEBSD 1
#define HAVE_DLFCN_H 1
#define HAVE_INTTYPES_H 1
#define HAVE_MEMORY_H 1
#define HAVE_MPI_DARRAY_SUBARRAY 1
#define HAVE_MPI_INFO 1
#define HAVE_MPI_LONG_LONG_INT 1
#define HAVE_MPI_OFFSET 1
#define HAVE_STATUS_SET_BYTES 1
#define HAVE_STDINT_H 1
#define HAVE_STDLIB_H 1
#define HAVE_STRERROR
#define HAVE_STRINGS_H 1
#define HAVE_STRING_H 1
#define HAVE_SYS_STAT_H 1
#define HAVE_SYS_TYPES_H 1
#define HAVE_UNISTD_H 1
#define NFS 1
#define NO_AIO 1
#define PACKAGE_BUGREPORT ""
#define PACKAGE_NAME ""
#define PACKAGE_STRING ""
#define PACKAGE_TARNAME ""
#define PACKAGE_VERSION ""
#define PRINT_ERR_MSG 1
#define STDC_HEADERS 1
#define UFS 1
#endif
#ifdef __cplusplus
extern "C" void std::exit (int); using std::exit;

configure: exit 0
