This is pdfeTeX, Version 3.14159-1.10b-2.1 (Web2C 7.4.5) (format=pdflatex 1970.1.21)  29 OCT 2003 15:41
entering extended mode
\write18 enabled.
**conclusion.tex
(./conclusion.tex{/usr/local/teTeX/share/texmf.local/pdftex/config/pdftex.cfg}
LaTeX2e <2001/06/01>
Babel <v3.7h> and hyphenation patterns for american, french, german, ngerman, g
reek, latin, nohyphenation, loaded.

! LaTeX Error: Missing \begin{document}.

See the LaTeX manual or LaTeX Companion for explanation.
Type  H <return>  for immediate help.
 ...                                              
                                                  
l.1 T
     hese items shall be accomplished by this thesis is testing matrix multi...

? 
! Emergency stop.
 ...                                              
                                                  
l.1 T
     hese items shall be accomplished by this thesis is testing matrix multi...

You're in trouble here.  Try typing  <return>  to proceed.
If that doesn't work, type  X <return>  to quit.

 
Here is how much of TeX's memory you used:
 6 strings out of 95313
 197 string characters out of 1187303
 44536 words of memory out of 1000001
 3171 multiletter control sequences out of 10000+50000
 3640 words of font info for 14 fonts, out of 500000 for 1000
 14 hyphenation exceptions out of 1000
 5i,0n,4p,429b,14s stack positions out of 1500i,500n,5000p,200000b,5000s
 0 PDF objects out of 300000
 0 named destinations out of 131072
 0 words of extra memory for PDF output out of 65536
No pages of output.
