This is pdfeTeX, Version 3.14159-1.10b-2.1 (Web2C 7.4.5) (format=pdflatex 1970.1.21)  10 NOV 2003 13:48
entering extended mode
\write18 enabled.
**multiply.tex
(./multiply.tex{/usr/local/teTeX/share/texmf.local/pdftex/config/pdftex.cfg}
LaTeX2e <2001/06/01>
Babel <v3.7h> and hyphenation patterns for american, french, german, ngerman, g
reek, latin, nohyphenation, loaded.
! Undefined control sequence.
l.2 \section
             {Wavelet Matrix Multiplication}
? 
! Emergency stop.
l.2 \section
             {Wavelet Matrix Multiplication}
End of file on the terminal!

 
Here is how much of TeX's memory you used:
 4 strings out of 95313
 48 string characters out of 1187303
 44536 words of memory out of 1000001
 3171 multiletter control sequences out of 10000+50000
 3640 words of font info for 14 fonts, out of 500000 for 1000
 14 hyphenation exceptions out of 1000
 5i,0n,1p,55b,8s stack positions out of 1500i,500n,5000p,200000b,5000s
 0 PDF objects out of 300000
 0 named destinations out of 131072
 0 words of extra memory for PDF output out of 65536
No pages of output.
