This is pdfeTeXk, Version 3.141592-1.11a-2.1 (Web2C 7.5.2) (format=pdflatex 2003.11.15)  12 MAR 2004 17:13
entering extended mode
\write18 enabled.
 %&-line parsing enabled.
 (/usr/local/teTeX/share/texmf.tetex/web2c/cp8bit.tcx)
**results.tex
(./results.tex{/usr/local/teTeX/share/texmf.local/pdftex/config/pdftex.cfg}
LaTeX2e <2001/06/01>
Babel <v3.7h> and hyphenation patterns for american, french, german, ngerman, g
reek, latin, nohyphenation, loaded.
(/usr/local/teTeX/share/texmf.tetex/tex/latex/base/article.cls
Document Class: article 2001/04/21 v1.4e Standard LaTeX document class
(/usr/local/teTeX/share/texmf.tetex/tex/latex/base/size11.clo
File: size11.clo 2001/04/21 v1.4e Standard LaTeX file (size option)
)
\c@part=\count79
\c@section=\count80
\c@subsection=\count81
\c@subsubsection=\count82
\c@paragraph=\count83
\c@subparagraph=\count84
\c@figure=\count85
\c@table=\count86
\abovecaptionskip=\skip41
\belowcaptionskip=\skip42
\bibindent=\dimen102
)
(/usr/local/teTeX/share/texmf.tetex/tex/latex/graphics/graphicx.sty
Package: graphicx 1999/02/16 v1.0f Enhanced LaTeX Graphics (DPC,SPQR)

(/usr/local/teTeX/share/texmf.tetex/tex/latex/graphics/keyval.sty
Package: keyval 1999/03/16 v1.13 key=value parser (DPC)
\KV@toks@=\toks14
)
(/usr/local/teTeX/share/texmf.tetex/tex/latex/graphics/graphics.sty
Package: graphics 2001/07/07 v1.0n Standard LaTeX Graphics (DPC,SPQR)

(/usr/local/teTeX/share/texmf.tetex/tex/latex/graphics/trig.sty
Package: trig 1999/03/16 v1.09 sin cos tan (DPC)
)
(/usr/local/teTeX/share/texmf.tetex/tex/latex/config/graphics.cfg
File: graphics.cfg 2001/08/31 v1.1 graphics configuration of teTeX/TeXLive
)
Package graphics Info: Driver file: pdftex.def on input line 80.

(/usr/local/teTeX/share/texmf.tetex/tex/latex/graphics/pdftex.def
File: pdftex.def 2002/06/19 v0.03k graphics/color for pdftex
\Gread@gobject=\count87
))
\Gin@req@height=\dimen103
\Gin@req@width=\dimen104
)
(/usr/local/teTeX/share/texmf.tetex/tex/latex/amsfonts/amssymb.sty
Package: amssymb 2002/01/22 v2.2d

(/usr/local/teTeX/share/texmf.tetex/tex/latex/amsfonts/amsfonts.sty
Package: amsfonts 2001/10/25 v2.2f
\@emptytoks=\toks15
\symAMSa=\mathgroup4
\symAMSb=\mathgroup5
LaTeX Font Info:    Overwriting math alphabet `\mathfrak' in version `bold'
(Font)                  U/euf/m/n --> U/euf/b/n on input line 132.
))
(/usr/local/teTeX/share/texmf.tetex/tex/latex/oberdiek/epstopdf.sty
Package: epstopdf 2001/02/04 v1.1 Conversion with epstopdf on the fly (HO)
)
(/usr/local/teTeX/share/texmf.tetex/tex/latex/misc/doublespace.sty)
\c@theorem=\count88
\c@definition=\count89

(./results.aux

LaTeX Warning: Label `image Peppers' multiply defined.


LaTeX Warning: Label `image Peppers' multiply defined.


LaTeX Warning: Label `image_watch_fidelity' multiply defined.


LaTeX Warning: Label `image_waterfall_fidelity' multiply defined.

)
\openout1 = `results.aux'.

LaTeX Font Info:    Checking defaults for OML/cmm/m/it on input line 24.
LaTeX Font Info:    ... okay on input line 24.
LaTeX Font Info:    Checking defaults for T1/cmr/m/n on input line 24.
LaTeX Font Info:    ... okay on input line 24.
LaTeX Font Info:    Checking defaults for OT1/cmr/m/n on input line 24.
LaTeX Font Info:    ... okay on input line 24.
LaTeX Font Info:    Checking defaults for OMS/cmsy/m/n on input line 24.
LaTeX Font Info:    ... okay on input line 24.
LaTeX Font Info:    Checking defaults for OMX/cmex/m/n on input line 24.
LaTeX Font Info:    ... okay on input line 24.
LaTeX Font Info:    Checking defaults for U/cmr/m/n on input line 24.
LaTeX Font Info:    ... okay on input line 24.
 (/usr/local/teTeX/share/texmf.tetex/tex/context/base/supp-pdf.tex
(/usr/local/teTeX/share/texmf.tetex/tex/context/base/supp-mis.tex
loading : Context Support Macros / Missing
\protectiondepth=\count90
\scratchcounter=\count91
\scratchtoks=\toks16
\scratchdimen=\dimen105
\scratchskip=\skip43
\scratchmuskip=\muskip10
\scratchbox=\box26
\scratchread=\read1
\scratchwrite=\write3
\zeropoint=\dimen106
\minusone=\count92
\thousandpoint=\dimen107
\emptytoks=\toks17
\nextbox=\box27
\nextdepth=\dimen108
\everyline=\toks18
\!!counta=\count93
\!!countb=\count94
\recursecounter=\count95
)
loading : Context Support Macros / PDF
\nofMPsegments=\count96
\nofMParguments=\count97
\everyMPtoPDFconversion=\toks19
)
LaTeX Font Info:    Try loading font information for U+msa on input line 25.
 (/usr/local/teTeX/share/texmf.tetex/tex/latex/amsfonts/umsa.fd
File: umsa.fd 2002/01/19 v2.2g AMS font definitions
)
LaTeX Font Info:    Try loading font information for U+msb on input line 25.

(/usr/local/teTeX/share/texmf.tetex/tex/latex/amsfonts/umsb.fd
File: umsb.fd 2002/01/19 v2.2g AMS font definitions
) [1

{/usr/local/teTeX/share/texmf.local/fonts/map/pdftex/updmap/pdftex.map}]
Overfull \hbox (7.82579pt too wide) in paragraph at lines 60--74
[][] 
 []

[2]
Overfull \hbox (5.15091pt too wide) in paragraph at lines 78--89
[][] 
 []


Overfull \hbox (0.1132pt too wide) in paragraph at lines 93--105
[][] 
 []

[3]
Overfull \hbox (6.35918pt too wide) in paragraph at lines 111--124
[][] 
 []

[4] [5] <sandrapyrpackresults.jpg, id=53, 574.145pt x 448.67625pt>
File: sandrapyrpackresults.jpg Graphic file (type jpg)

<use sandrapyrpackresults.jpg>
Overfull \hbox (36.13501pt too wide) in paragraph at lines 144--145
[][] 
 []

<f16.jpg, id=54, 513.92pt x 513.92pt>
File: f16.jpg Graphic file (type jpg)
 <use f16.jpg>
Overfull \hbox (36.13501pt too wide) in paragraph at lines 151--152
[][] 
 []

<fishingboat.jpg, id=55, 513.92pt x 513.92pt>
File: fishingboat.jpg Graphic file (type jpg)
 <use fishingboat.jpg>
Overfull \hbox (36.13501pt too wide) in paragraph at lines 158--159
[][] 
 []

<opera.jpg, id=56, 513.92pt x 513.92pt>
File: opera.jpg Graphic file (type jpg)
 <use opera.jpg>
Overfull \hbox (36.13501pt too wide) in paragraph at lines 164--165
[][] 
 []

<pentagon.jpg, id=57, 770.88pt x 770.88pt>
File: pentagon.jpg Graphic file (type jpg)
 <use pentagon.jpg>
Overfull \hbox (36.13501pt too wide) in paragraph at lines 170--171
[][] 
 []

<peppers.jpg, id=58, 513.92pt x 513.92pt>
File: peppers.jpg Graphic file (type jpg)
 <use peppers.jpg>
Overfull \hbox (36.13501pt too wide) in paragraph at lines 176--177
[][] 
 []

<water.jpg, id=59, 770.88pt x 770.88pt>
File: water.jpg Graphic file (type jpg)
 <use water.jpg>
Overfull \hbox (36.13501pt too wide) in paragraph at lines 182--183
[][] 
 []

<watch.jpg, id=60, 770.88pt x 770.88pt>
File: watch.jpg Graphic file (type jpg)
 <use watch.jpg>
Overfull \hbox (36.13501pt too wide) in paragraph at lines 188--189
[][] 
 []

<waterfall.jpg, id=61, 513.92pt x 513.92pt>
File: waterfall.jpg Graphic file (type jpg)
 <use waterfall.jpg>
Overfull \hbox (36.13501pt too wide) in paragraph at lines 196--199
[][] 
 []

<f16resultsA.jpg, id=62, 574.145pt x 448.67625pt>
File: f16resultsA.jpg Graphic file (type jpg)
 <use f16resultsA.jpg>
Overfull \hbox (36.13501pt too wide) in paragraph at lines 206--207
[][] 
 []

<fishingboatresultA.jpg, id=63, 574.145pt x 448.67625pt>
File: fishingboatresultA.jpg Graphic file (type jpg)

<use fishingboatresultA.jpg>
Overfull \hbox (36.13501pt too wide) in paragraph at lines 214--215
[][] 
 []

<operaresultsA.jpg, id=64, 574.145pt x 448.67625pt>
File: operaresultsA.jpg Graphic file (type jpg)
 <use operaresultsA.jpg>
Overfull \hbox (36.13501pt too wide) in paragraph at lines 221--222
[][] 
 []

<pentagonresultsA.jpg, id=65, 574.145pt x 448.67625pt>
File: pentagonresultsA.jpg Graphic file (type jpg)

<use pentagonresultsA.jpg>
Overfull \hbox (36.13501pt too wide) in paragraph at lines 228--229
[][] 
 []


LaTeX Warning: Citation `Pentagon' on page 6 undefined on input line 229.


LaTeX Warning: Citation `Pentagon' on page 6 undefined on input line 229.

<peppersresultsA.jpg, id=66, 574.145pt x 448.67625pt>
File: peppersresultsA.jpg Graphic file (type jpg)

<use peppersresultsA.jpg>
Overfull \hbox (36.13501pt too wide) in paragraph at lines 234--235
[][] 
 []

<watchResultsA.jpg, id=67, 574.145pt x 448.67625pt>
File: watchResultsA.jpg Graphic file (type jpg)
 <use watchResultsA.jpg>
Overfull \hbox (36.13501pt too wide) in paragraph at lines 240--241
[][] 
 []

<watchResultsB.jpg, id=68, 574.145pt x 448.67625pt>
File: watchResultsB.jpg Graphic file (type jpg)
 <use watchResultsB.jpg>
Overfull \hbox (36.13501pt too wide) in paragraph at lines 246--247
[][] 
 []

<waterResultsA.jpg, id=69, 574.145pt x 448.67625pt>
File: waterResultsA.jpg Graphic file (type jpg)
 <use waterResultsA.jpg>
Overfull \hbox (36.13501pt too wide) in paragraph at lines 253--254
[][] 
 []

<waterfallResultsA.jpg, id=70, 574.145pt x 448.67625pt>
File: waterfallResultsA.jpg Graphic file (type jpg)

<use waterfallResultsA.jpg>
Overfull \hbox (36.13501pt too wide) in paragraph at lines 261--262
[][] 
 []

[6] [7 <./sandrapyrpackresults.jpg>] [8 <./f16.jpg>] [9 <./fishingboat.jpg>]
[10 <./opera.jpg>] [11 <./pentagon.jpg>] [12 <./peppers.jpg>] [13 <./water.jpg>
] [14 <./watch.jpg>] [15 <./waterfall.jpg>] [16 <./f16resultsA.jpg>] [17 <./fis
hingboatresultA.jpg>] [18 <./operaresultsA.jpg>] [19 <./pentagonresultsA.jpg>]
[20 <./peppersresultsA.jpg>] [21 <./watchResultsA.jpg>] [22 <./watchResultsB.jp
g>] [23 <./waterResultsA.jpg>] [24 <./waterfallResultsA.jpg>] [25]
(./results.aux)

LaTeX Warning: There were undefined references.


LaTeX Warning: There were multiply-defined labels.

 ) 
Here is how much of TeX's memory you used:
 1351 strings out of 95306
 17323 string characters out of 1187028
 65491 words of memory out of 1513956
 4416 multiletter control sequences out of 10000+50000
 12359 words of font info for 47 fonts, out of 1000000 for 2000
 14 hyphenation exceptions out of 1000
 25i,10n,29p,653b,203s stack positions out of 5000i,500n,6000p,200000b,40000s
 140 PDF objects out of 300000
 0 named destinations out of 131072
 91 words of extra memory for PDF output out of 65536
{/usr/local/teTeX/share/texmf.tetex/dvips/tetex/f7b6d320.enc}</usr/local/teTe
X/share/texmf.tetex/fonts/type1/bluesky/cm/cmbx10.pfb></usr/local/teTeX/share/t
exmf.tetex/fonts/type1/bluesky/cm/cmsl10.pfb>{/usr/local/teTeX/share/texmf.tete
x/dvips/tetex/aae443f0.enc}</usr/local/teTeX/share/texmf.tetex/fonts/type1/blue
sky/cm/cmmi6.pfb></usr/local/teTeX/share/texmf.tetex/fonts/type1/bluesky/cm/cmr
6.pfb>{/usr/local/teTeX/share/texmf.tetex/dvips/tetex/bbad153f.enc}</usr/local/
teTeX/share/texmf.tetex/fonts/type1/bluesky/cm/cmsy8.pfb></usr/local/teTeX/shar
e/texmf.tetex/fonts/type1/bluesky/cm/cmex10.pfb></usr/local/teTeX/share/texmf.t
etex/fonts/type1/bluesky/cm/cmsy10.pfb></usr/local/teTeX/share/texmf.tetex/font
s/type1/bluesky/cm/cmr8.pfb></usr/local/teTeX/share/texmf.tetex/fonts/type1/blu
esky/cm/cmmi8.pfb></usr/local/teTeX/share/texmf.tetex/fonts/type1/bluesky/cm/cm
mi10.pfb></usr/local/teTeX/share/texmf.tetex/fonts/type1/bluesky/cm/cmbx12.pfb>
</usr/local/teTeX/share/texmf.tetex/fonts/type1/bluesky/cm/cmr10.pfb></usr/loca
l/teTeX/share/texmf.tetex/fonts/type1/bluesky/cm/cmr12.pfb></usr/local/teTeX/sh
are/texmf.tetex/fonts/type1/bluesky/cm/cmr17.pfb>
Output written on results.pdf (25 pages, 2358365 bytes).
