This is pdfeTeXk, Version 3.141592-1.11a-2.1 (Web2C 7.5.2) (format=pdflatex 2003.11.15)  6 MAY 2004 11:40
entering extended mode
\write18 enabled.
 %&-line parsing enabled.
 (/usr/local/teTeX/share/texmf.tetex/web2c/cp8bit.tcx)
**wavelets.tex
(./wavelets.tex{/usr/local/teTeX/share/texmf.local/pdftex/config/pdftex.cfg}
LaTeX2e <2001/06/01>
Babel <v3.7h> and hyphenation patterns for american, french, german, ngerman, g
reek, latin, nohyphenation, loaded.
(./ttuthes.cls
Document Class: ttuthes 1997/01/11 1.0 LaTeX document class.
(/usr/local/teTeX/share/texmf.tetex/tex/latex/base/book.cls
Document Class: book 2001/04/21 v1.4e Standard LaTeX document class
(/usr/local/teTeX/share/texmf.tetex/tex/latex/base/bk12.clo
File: bk12.clo 2001/04/21 v1.4e Standard LaTeX file (size option)
)
\c@part=\count79
\c@chapter=\count80
\c@section=\count81
\c@subsection=\count82
\c@subsubsection=\count83
\c@paragraph=\count84
\c@subparagraph=\count85
\c@figure=\count86
\c@table=\count87
\abovecaptionskip=\skip41
\belowcaptionskip=\skip42
\bibindent=\dimen102
)
(/usr/local/teTeX/share/texmf.tetex/tex/latex/graphics/epsfig.sty
Package: epsfig 1999/02/16 v1.7a (e)psfig emulation (SPQR)

(/usr/local/teTeX/share/texmf.tetex/tex/latex/graphics/graphicx.sty
Package: graphicx 1999/02/16 v1.0f Enhanced LaTeX Graphics (DPC,SPQR)

(/usr/local/teTeX/share/texmf.tetex/tex/latex/graphics/keyval.sty
Package: keyval 1999/03/16 v1.13 key=value parser (DPC)
\KV@toks@=\toks14
)
(/usr/local/teTeX/share/texmf.tetex/tex/latex/graphics/graphics.sty
Package: graphics 2001/07/07 v1.0n Standard LaTeX Graphics (DPC,SPQR)

(/usr/local/teTeX/share/texmf.tetex/tex/latex/graphics/trig.sty
Package: trig 1999/03/16 v1.09 sin cos tan (DPC)
)
(/usr/local/teTeX/share/texmf.tetex/tex/latex/config/graphics.cfg
File: graphics.cfg 2001/08/31 v1.1 graphics configuration of teTeX/TeXLive
)
Package graphics Info: Driver file: pdftex.def on input line 80.

(/usr/local/teTeX/share/texmf.tetex/tex/latex/graphics/pdftex.def
File: pdftex.def 2002/06/19 v0.03k graphics/color for pdftex
\Gread@gobject=\count88
))
\Gin@req@height=\dimen103
\Gin@req@width=\dimen104
)
\epsfxsize=\dimen105
\epsfysize=\dimen106
)
(/usr/local/teTeX/share/texmf.tetex/tex/latex/amsmath/amsmath.sty
Package: amsmath 2000/07/18 v2.13 AMS math features
\@mathmargin=\skip43

For additional information on amsmath, use the `?' option.
(/usr/local/teTeX/share/texmf.tetex/tex/latex/amsmath/amstext.sty
Package: amstext 2000/06/29 v2.01

(/usr/local/teTeX/share/texmf.tetex/tex/latex/amsmath/amsgen.sty
File: amsgen.sty 1999/11/30 v2.0
\@emptytoks=\toks15
\ex@=\dimen107
))
(/usr/local/teTeX/share/texmf.tetex/tex/latex/amsmath/amsbsy.sty
Package: amsbsy 1999/11/29 v1.2d
\pmbraise@=\dimen108
)
(/usr/local/teTeX/share/texmf.tetex/tex/latex/amsmath/amsopn.sty
Package: amsopn 1999/12/14 v2.01 operator names
)
\inf@bad=\count89
LaTeX Info: Redefining \frac on input line 211.
\uproot@=\count90
\leftroot@=\count91
LaTeX Info: Redefining \overline on input line 307.
\classnum@=\count92
\DOTSCASE@=\count93
LaTeX Info: Redefining \ldots on input line 379.
LaTeX Info: Redefining \dots on input line 382.
LaTeX Info: Redefining \cdots on input line 467.
\Mathstrutbox@=\box26
\strutbox@=\box27
\big@size=\dimen109
LaTeX Font Info:    Redeclaring font encoding OML on input line 567.
LaTeX Font Info:    Redeclaring font encoding OMS on input line 568.
\macc@depth=\count94
\c@MaxMatrixCols=\count95
\dotsspace@=\muskip10
\c@parentequation=\count96
\dspbrk@lvl=\count97
\tag@help=\toks16
\row@=\count98
\column@=\count99
\maxfields@=\count100
\andhelp@=\toks17
\eqnshift@=\dimen110
\alignsep@=\dimen111
\tagshift@=\dimen112
\tagwidth@=\dimen113
\totwidth@=\dimen114
\lineht@=\dimen115
\@envbody=\toks18
\multlinegap=\skip44
\multlinetaggap=\skip45
\mathdisplay@stack=\toks19
LaTeX Info: Redefining \[ on input line 2666.
LaTeX Info: Redefining \] on input line 2667.
)
(/usr/local/teTeX/share/texmf.tetex/tex/latex/amsfonts/amssymb.sty
Package: amssymb 2002/01/22 v2.2d

(/usr/local/teTeX/share/texmf.tetex/tex/latex/amsfonts/amsfonts.sty
Package: amsfonts 2001/10/25 v2.2f
\symAMSa=\mathgroup4
\symAMSb=\mathgroup5
LaTeX Font Info:    Overwriting math alphabet `\mathfrak' in version `bold'
(Font)                  U/euf/m/n --> U/euf/b/n on input line 132.
)))
(/usr/local/teTeX/share/texmf.tetex/tex/latex/misc/doublespace.sty)
(/usr/local/teTeX/share/texmf.gwtex/tex/latex/macros/contrib/supported/algorith
ms/algorithm.sty
Package: algorithm 

Document Style `algorithm' - floating environment
(/usr/local/teTeX/share/texmf.tetex/tex/latex/misc/float.sty
Package: float 2001/11/08 v1.3d Float enhancements (AL)
\c@float@type=\count101
\float@exts=\toks20
\float@box=\box28
\@float@everytoks=\toks21
\@floatcapt=\box29
)
(/usr/local/teTeX/share/texmf.tetex/tex/latex/base/ifthen.sty
Package: ifthen 2001/05/26 v1.1c Standard LaTeX ifthen package (DPC)
)
\@float@every@algorithm=\toks22
\c@algorithm=\count102
)
(/usr/local/teTeX/share/texmf.gwtex/tex/latex/macros/contrib/supported/algorith
ms/algorithmic.sty
Package: algorithmic 

Document Style `algorithmic' - environment
(/usr/local/teTeX/share/texmf.tetex/tex/latex/tools/calc.sty
Package: calc 1998/07/07 v4.1b Infix arithmetic (KKT,FJ)
\calc@Acount=\count103
\calc@Bcount=\count104
\calc@Adimen=\dimen116
\calc@Bdimen=\dimen117
\calc@Askip=\skip46
\calc@Bskip=\skip47
LaTeX Info: Redefining \setlength on input line 59.
LaTeX Info: Redefining \addtolength on input line 60.
\calc@denominator=\count105
)
\c@ALC@line=\count106
\c@ALC@rem=\count107
\ALC@tlm=\skip48
)
\c@theorem=\count108
 (./wavelets.aux)
\openout1 = `wavelets.aux'.

LaTeX Font Info:    Checking defaults for OML/cmm/m/it on input line 57.
LaTeX Font Info:    ... okay on input line 57.
LaTeX Font Info:    Checking defaults for T1/cmr/m/n on input line 57.
LaTeX Font Info:    ... okay on input line 57.
LaTeX Font Info:    Checking defaults for OT1/cmr/m/n on input line 57.
LaTeX Font Info:    ... okay on input line 57.
LaTeX Font Info:    Checking defaults for OMS/cmsy/m/n on input line 57.
LaTeX Font Info:    ... okay on input line 57.
LaTeX Font Info:    Checking defaults for OMX/cmex/m/n on input line 57.
LaTeX Font Info:    ... okay on input line 57.
LaTeX Font Info:    Checking defaults for U/cmr/m/n on input line 57.
LaTeX Font Info:    ... okay on input line 57.
(/usr/local/teTeX/share/texmf.tetex/tex/context/base/supp-pdf.tex
(/usr/local/teTeX/share/texmf.tetex/tex/context/base/supp-mis.tex
loading : Context Support Macros / Missing
\protectiondepth=\count109
\scratchcounter=\count110
\scratchtoks=\toks23
\scratchdimen=\dimen118
\scratchskip=\skip49
\scratchmuskip=\muskip11
\scratchbox=\box30
\scratchread=\read1
\scratchwrite=\write3
\zeropoint=\dimen119
\minusone=\count111
\thousandpoint=\dimen120
\emptytoks=\toks24
\nextbox=\box31
\nextdepth=\dimen121
\everyline=\toks25
\!!counta=\count112
\!!countb=\count113
\recursecounter=\count114
)
loading : Context Support Macros / PDF
\nofMPsegments=\count115
\nofMParguments=\count116
\everyMPtoPDFconversion=\toks26
)
LaTeX Font Info:    Try loading font information for U+msa on input line 59.
 (/usr/local/teTeX/share/texmf.tetex/tex/latex/amsfonts/umsa.fd
File: umsa.fd 2002/01/19 v2.2g AMS font definitions
)
LaTeX Font Info:    Try loading font information for U+msb on input line 59.

(/usr/local/teTeX/share/texmf.tetex/tex/latex/amsfonts/umsb.fd
File: umsb.fd 2002/01/19 v2.2g AMS font definitions
) [1


{/usr/local/teTeX/share/texmf.local/fonts/map/pdftex/updmap/pdftex.map}] (./wav
elets.toc
[2


] [3])
\tf@toc=\write4
\openout4 = `wavelets.toc'.

 [4] (./wavelets.lot)
\tf@lot=\write5
\openout5 = `wavelets.lot'.

 [5

] (./wavelets.lof [6

]
Overfull \hbox (4.84634pt too wide) in paragraph at lines 24--24
 [][] []/cmr12/This fi-delity level graph shows that the wavelet trans-form pac
ket method 
 []

[7])
\tf@lof=\write6
\openout6 = `wavelets.lof'.

 [8]
CHAPTER 1.
(./introduction.tex [1


]) [2]
CHAPTER 2.
(./wavedefinition.tex [3

] [4] [5] [6]
LaTeX Font Info:    Try loading font information for OMS+cmr on input line 87.

(/usr/local/teTeX/share/texmf.tetex/tex/latex/base/omscmr.fd
File: omscmr.fd 1999/05/25 v2.5h Standard LaTeX font definitions
)
LaTeX Font Info:    Font shape `OMS/cmr/m/n' in size <12> not available
(Font)              Font shape `OMS/cmsy/m/n' tried instead on input line 87.
 [7] [8] [9]
[10] [11] [12] [13] [14] [15] [16] [17]
<mraexample2.jpg, id=114, 892.33376pt x 405.515pt>
File: mraexample2.jpg Graphic file (type jpg)
 <use mraexample2.jpg>
[18 <./mraexample2.jpg>] <numexample01_2.jpg, id=118, 997.7275pt x 407.5225pt>
File: numexample01_2.jpg Graphic file (type jpg)

<use numexample01_2.jpg> [19]
<psinexpansion.jpg, id=122, 1027.84pt x 770.88pt>
File: psinexpansion.jpg Graphic file (type jpg)
 <use psinexpansion.jpg>
[20 <./numexample01_2.jpg>] [21 <./psinexpansion.jpg>] [22] [23] [24]
Overfull \hbox (4.92535pt too wide) in paragraph at lines 529--534
[]/cmr12/The method for vi-su-al-iz-ing 2D MRE and 2D MRA is sim-i-lar to the o
ne-dimensional
 []

[25] [26] [27] [28] [29] [30] [31] [32]) [33] [34]
CHAPTER 3.
(./imageexample.tex

Package amsmath Warning: Foreign command \over;
(amsmath)                \frac or \genfrac should be used instead
(amsmath)                 on input line 7.

<sample.jpg, id=176, 574.145pt x 448.67625pt>
File: sample.jpg Graphic file (type jpg)
 <use sample.jpg> [35

]
<haar1d.jpg, id=181, 574.145pt x 448.67625pt>
File: haar1d.jpg Graphic file (type jpg)
 <use haar1d.jpg> [36 <./sample.jpg>] [37 <./haar1d.jpg>] <recoveredEven.jpg, i
d=188, 574.145pt x 448.67625pt>
File: recoveredEven.jpg Graphic file (type jpg)

<use recoveredEven.jpg> <recovered.jpg, id=189, 574.145pt x 448.67625pt>
File: recovered.jpg Graphic file (type jpg)

<use recovered.jpg> [38] [39 <./recoveredEven.jpg>] [40 <./recovered.jpg>]
<rightDan.jpg, id=199, 722.7pt x 487.8225pt>
File: rightDan.jpg Graphic file (type jpg)
 <use rightDan.jpg>
<revRecover.jpg, id=200, 722.7pt x 487.8225pt>
File: revRecover.jpg Graphic file (type jpg)
 <use revRecover.jpg>
<revWavepic.jpg, id=201, 722.7pt x 487.8225pt>
File: revWavepic.jpg Graphic file (type jpg)
 <use revWavepic.jpg>
<selfWavepic.jpg, id=202, 722.7pt x 487.8225pt>
File: selfWavepic.jpg Graphic file (type jpg)
 <use selfWavepic.jpg>
<selfRecover.jpg, id=203, 722.7pt x 487.8225pt>
File: selfRecover.jpg Graphic file (type jpg)
 <use selfRecover.jpg> [41 <./rightDan.jpg>] <wavepic3R.jpg, id=208, 722.7pt x 
487.8225pt>
File: wavepic3R.jpg Graphic file (type jpg)
 <use wavepic3R.jpg>
<recoverHid.jpg, id=209, 722.7pt x 487.8225pt>
File: recoverHid.jpg Graphic file (type jpg)
 <use recoverHid.jpg> [42 <./revRecover.jpg>] [43 <./revWavepic.jpg>]
<recover3R002T.jpg, id=216, 722.7pt x 487.8225pt>
File: recover3R002T.jpg Graphic file (type jpg)
 <use recover3R002T.jpg>
<recover3R010T.jpg, id=217, 722.7pt x 487.8225pt>
File: recover3R010T.jpg Graphic file (type jpg)
 <use recover3R010T.jpg>
<recover3R005T.jpg, id=218, 722.7pt x 487.8225pt>
File: recover3R005T.jpg Graphic file (type jpg)
 <use recover3R005T.jpg>
<recover3R001.jpg, id=219, 722.7pt x 487.8225pt>
File: recover3R001.jpg Graphic file (type jpg)
 <use recover3R001.jpg>)
[44 <./selfWavepic.jpg>] [45 <./selfRecover.jpg> <./wavepic3R.jpg>] [46 <./reco
verHid.jpg> <./recover3R002T.jpg>] [47 <./recover3R010T.jpg> <./recover3R005T.j
pg>] [48 <./recover3R001.jpg>]
CHAPTER 4.
(./haarmultiplya.tex [49

] [50] [51]
Overfull \hbox (35.74742pt too wide) in alignment at lines 154--159
 [][][] []
 []

[52] [53] [54] [55] [56] [57] [58] [59] [60] [61] [62] [63] [64] [65]) [66]
CHAPTER 5.
(./results.tex [67

] [68] [69] [70] [71] [72] [73] [74] [75] [76] [77] [78]
[79] [80] [81] <sandrapyrpackresults.jpg, id=340, 574.145pt x 448.67625pt>
File: sandrapyrpackresults.jpg Graphic file (type jpg)

<use sandrapyrpackresults.jpg>
Overfull \hbox (36.135pt too wide) in paragraph at lines 423--424
[][] 
 []

<f16.jpg, id=341, 513.92pt x 513.92pt>
File: f16.jpg Graphic file (type jpg)
 <use f16.jpg>
<f16resultsA.jpg, id=342, 574.145pt x 448.67625pt>
File: f16resultsA.jpg Graphic file (type jpg)
 <use f16resultsA.jpg>
<fishingboat.jpg, id=343, 513.92pt x 513.92pt>
File: fishingboat.jpg Graphic file (type jpg)
 <use fishingboat.jpg>
<fishingboatresultA.jpg, id=344, 574.145pt x 448.67625pt>
File: fishingboatresultA.jpg Graphic file (type jpg)

<use fishingboatresultA.jpg> <opera.jpg, id=345, 513.92pt x 513.92pt>
File: opera.jpg Graphic file (type jpg)

<use opera.jpg> <operaresultsA.jpg, id=346, 574.145pt x 448.67625pt>
File: operaresultsA.jpg Graphic file (type jpg)

<use operaresultsA.jpg> <pentagon.jpg, id=347, 770.88pt x 770.88pt>
File: pentagon.jpg Graphic file (type jpg)

<use pentagon.jpg> <pentagonresultsA.jpg, id=348, 574.145pt x 448.67625pt>
File: pentagonresultsA.jpg Graphic file (type jpg)

<use pentagonresultsA.jpg> <peppers.jpg, id=349, 513.92pt x 513.92pt>
File: peppers.jpg Graphic file (type jpg)

<use peppers.jpg> <peppersresultsA.jpg, id=350, 574.145pt x 448.67625pt>
File: peppersresultsA.jpg Graphic file (type jpg)

<use peppersresultsA.jpg> <watch.jpg, id=351, 770.88pt x 770.88pt>
File: watch.jpg Graphic file (type jpg)

<use watch.jpg> <watchResultsB.jpg, id=352, 574.145pt x 448.67625pt>
File: watchResultsB.jpg Graphic file (type jpg)

<use watchResultsB.jpg> <water.jpg, id=353, 770.88pt x 770.88pt>
File: water.jpg Graphic file (type jpg)

<use water.jpg> <waterResultsA.jpg, id=354, 574.145pt x 448.67625pt>
File: waterResultsA.jpg Graphic file (type jpg)

<use waterResultsA.jpg> <waterfall.jpg, id=355, 513.92pt x 513.92pt>
File: waterfall.jpg Graphic file (type jpg)

<use waterfall.jpg> <waterfallResultsA.jpg, id=356, 574.145pt x 448.67625pt>
File: waterfallResultsA.jpg Graphic file (type jpg)

<use waterfallResultsA.jpg>) [82 <./sandrapyrpackresults.jpg>] [83 <./f16.jpg>]
[84 <./f16resultsA.jpg>] [85 <./fishingboat.jpg>] [86 <./fishingboatresultA.jpg
>] [87 <./opera.jpg>] [88 <./operaresultsA.jpg>] [89 <./pentagon.jpg>] [90 <./p
entagonresultsA.jpg>] [91 <./peppers.jpg>] [92 <./peppersresultsA.jpg>]
[93 <./watch.jpg>] [94 <./watchResultsB.jpg>] [95 <./water.jpg>] [96 <./waterRe
sultsA.jpg>] [97 <./waterfall.jpg>] [98 <./waterfallResultsA.jpg>]
CHAPTER 6.
(./conclusion.tex) [99

] (./wavelets.bbl
Overfull \hbox (9.77496pt too wide) in paragraph at lines 54--58
[]/cmr12/A. Graps.  In-tro-duc-tion to wavelets.  http://www.amara.com/current/
wavelet.html.
 []

[100


]
Underfull \hbox (badness 10000) in paragraph at lines 95--99
[]/cmr12/G. Ta-bor.  Wavelets - the id-iots guide.
 []


Underfull \hbox (badness 3302) in paragraph at lines 95--99
/cmr12/http://monet.me.ic.ac.uk/people/gavin/java/waveletDemos.html.  Re-trieve
d
 []

) [101] (./wavelets.aux) ) 
Here is how much of TeX's memory you used:
 2560 strings out of 95306
 32297 string characters out of 1187028
 83425 words of memory out of 1529890
 5542 multiletter control sequences out of 10000+50000
 11846 words of font info for 46 fonts, out of 1000000 for 2000
 14 hyphenation exceptions out of 1000
 39i,13n,26p,811b,577s stack positions out of 5000i,500n,6000p,200000b,40000s
 420 PDF objects out of 300000
 0 named destinations out of 131072
 176 words of extra memory for PDF output out of 65536
{/usr/local/teTeX/share/texmf.tetex/dvips/tetex/aae44
3f0.enc}</usr/local/teTeX/share/texmf.tetex/fonts/type1/bluesky/cm/cmmi6.pfb>{/
usr/local/teTeX/share/texmf.tetex/dvips/tetex/f7b6d320.enc}</usr/local/teTeX/sh
are/texmf.tetex/fonts/type1/bluesky/cm/cmbx12.pfb></usr/local/teTeX/share/texmf
.tetex/fonts/type1/bluesky/cm/cmr6.pfb></usr/local/teTeX/share/texmf.tetex/font
s/type1/bluesky/cm/cmex10.pfb>{/usr/local/teTeX/share/texmf.tetex/dvips/tetex/b
bad153f.enc}</usr/local/teTeX/share/texmf.tetex/fonts/type1/bluesky/cm/cmsy8.pf
b></usr/local/teTeX/share/texmf.tetex/fonts/type1/bluesky/symbols/msbm10.pfb>{/
usr/local/teTeX/share/texmf.tetex/dvips/tetex/74afc74c.enc}</usr/local/teTeX/sh
are/texmf.tetex/fonts/type1/bluesky/cm/cmti12.pfb></usr/local/teTeX/share/texmf
.tetex/fonts/type1/bluesky/cm/cmr8.pfb></usr/local/teTeX/share/texmf.tetex/font
s/type1/bluesky/cm/cmsy10.pfb></usr/local/teTeX/share/texmf.tetex/fonts/type1/b
luesky/cm/cmmi8.pfb></usr/local/teTeX/share/texmf.tetex/fonts/type1/bluesky/cm/
cmmi12.pfb></usr/local/teTeX/share/texmf.tetex/fonts/type1/bluesky/cm/cmr12.pfb
></usr/local/teTeX/share/texmf.tetex/fonts/type1/bluesky/cm/cmr17.pfb>
Output written on wavelets.pdf (109 pages, 4108021 bytes).
